#
# A fatal error has been detected by the Java Runtime Environment:
#
#  EXCEPTION_ACCESS_VIOLATION (0xc0000005) at pc=0x00007ffeca4a362e, pid=2976, tid=9592
#
# JRE version: OpenJDK Runtime Environment Corretto-15.0.2.7.1 (15.0.2+7) (build 15.0.2+7)
# Java VM: OpenJDK 64-Bit Server VM Corretto-15.0.2.7.1 (15.0.2+7, mixed mode, sharing, tiered, compressed oops, g1 gc, windows-amd64)
# Problematic frame:
# C  [native-platform-file-events.dll+0x2362e]
#
# No core dump will be written. Minidumps are not enabled by default on client versions of Windows
#
# If you would like to submit a bug report, please visit:
#   https://github.com/corretto/corretto-jdk/issues/
# The crash happened outside the Java Virtual Machine in native code.
# See problematic frame for where to report the bug.
#

---------------  S U M M A R Y ------------

Command Line: --add-opens=java.base/java.util=ALL-UNNAMED --add-opens=java.base/java.lang=ALL-UNNAMED --add-opens=java.base/java.lang.invoke=ALL-UNNAMED --add-opens=java.base/java.util=ALL-UNNAMED --add-opens=java.prefs/java.util.prefs=ALL-UNNAMED --add-opens=java.prefs/java.util.prefs=ALL-UNNAMED --add-opens=java.base/java.nio.charset=ALL-UNNAMED --add-opens=java.base/java.net=ALL-UNNAMED --add-opens=java.base/java.util.concurrent.atomic=ALL-UNNAMED -XX:MaxMetaspaceSize=256m -XX:+HeapDumpOnOutOfMemoryError -Xms256m -Xmx512m -Dfile.encoding=windows-1252 -Duser.country=DE -Duser.language=de -Duser.variant org.gradle.launcher.daemon.bootstrap.GradleDaemon 7.0

Host: Intel(R) Celeron(R) CPU G3900 @ 2.80GHz, 2 cores, 3G,  Windows 10 , 64 bit Build 19041 (10.0.19041.292)
Time: Fri Dec 17 08:12:54 2021 Mitteleuropäische Zeit elapsed time: 178.965522 seconds (0d 0h 2m 58s)

---------------  T H R E A D  ---------------

Current thread (0x0000018b58e4ba10):  JavaThread "File watcher server" daemon [_thread_in_native, id=9592, stack(0x0000003ca5400000,0x0000003ca5500000)]

Stack: [0x0000003ca5400000,0x0000003ca5500000],  sp=0x0000003ca54fea00,  free space=1018k
Native frames: (J=compiled Java code, j=interpreted, Vv=VM code, C=native code)
C  [native-platform-file-events.dll+0x2362e]

Java frames: (J=compiled Java code, j=interpreted, Vv=VM code)
j  net.rubygrapefruit.platform.internal.jni.AbstractFileEventFunctions$NativeFileWatcher.executeRunLoop0(Ljava/lang/Object;)V+0
j  net.rubygrapefruit.platform.internal.jni.AbstractFileEventFunctions$NativeFileWatcher.access$100(Lnet/rubygrapefruit/platform/internal/jni/AbstractFileEventFunctions$NativeFileWatcher;Ljava/lang/Object;)V+2
j  net.rubygrapefruit.platform.internal.jni.AbstractFileEventFunctions$NativeFileWatcher$1.run()V+26
v  ~StubRoutines::call_stub

siginfo: EXCEPTION_ACCESS_VIOLATION (0xc0000005), reading address 0xffffffffffffffff


Register to memory mapping:

RIP=0x00007ffeca4a362e native-platform-file-events.dll
RAX=0x0061006c0063005c is an unknown value
RBX=0x0000000000000001 is an unknown value
RCX=0x0061006c0063005c is an unknown value
RDX=0x0000003ca54fea58 is pointing into the stack for thread: 0x0000018b58e4ba10
RSP=0x0000003ca54fea00 is pointing into the stack for thread: 0x0000018b58e4ba10
RBP=0x0000003ca54ff3f8 is pointing into the stack for thread: 0x0000018b58e4ba10
RSI=0x0 is NULL
RDI=
[error occurred during error reporting (printing register info), id 0xc0000005, EXCEPTION_ACCESS_VIOLATION (0xc0000005) at pc=0x00007ffec807e0d4]

Registers:
RAX=0x0061006c0063005c, RBX=0x0000000000000001, RCX=0x0061006c0063005c, RDX=0x0000003ca54fea58
RSP=0x0000003ca54fea00, RBP=0x0000003ca54ff3f8, RSI=0x0000000000000000, RDI=0x00000000ffffffff
R8 =0x0000003ca54fea60, R9 =0x000000007ffe1000, R10=0x00000000546c6148, R11=0xfffffffff8e171d4
R12=0x0000000000000000, R13=0x0000018b5acfa7f0, R14=0x0000003ca54ff420, R15=0x0000018b58e4ba10
RIP=0x00007ffeca4a362e, EFLAGS=0x0000000000010202

Top of Stack: (sp=0x0000003ca54fea00)
0x0000003ca54fea00:   000000a9bb897f8c 000000a9bb3dd9ec
0x0000003ca54fea10:   000000a9bb897f8c 00007ffeca4be965
0x0000003ca54fea20:   0000003ca54fead8 0000003ca54fea58
0x0000003ca54fea30:   0000003c00000000 0000003ca54fea68
0x0000003ca54fea40:   0000003ca54f0001 00000001b283ef5b
0x0000003ca54fea50:   0000003ca54fea60 0000000000000004
0x0000003ca54fea60:   000000a9bb3dd9ec 000000a9bb897f8c
0x0000003ca54fea70:   00000000e0480ce0 00007ffeca4be4f7
0x0000003ca54fea80:   0000003ca54fead8 0000003ca54fead0
0x0000003ca54fea90:   0000018b57f7dac0 00007ffeca4ad473
0x0000003ca54feaa0:   0000003c00000000 0000003ca4cf7b70
0x0000003ca54feab0:   000000a9bb897f8c 0000000000000004
0x0000003ca54feac0:   0000003c00000000 00000008008c21a2
0x0000003ca54fead0:   00003b981cbe25f8 0000000000000004
0x0000003ca54feae0:   0000018b60ea7480 00007ffeca4a385c
0x0000003ca54feaf0:   0061006c0063005c 0000000000000003 

Instructions: (pc=0x00007ffeca4a362e)
0x00007ffeca4a352e:   8b 00 48 89 44 24 38 48 8b 44 24 38 48 89 44 24
0x00007ffeca4a353e:   58 48 8b 84 24 b0 00 00 00 48 83 c0 08 48 89 44
0x00007ffeca4a354e:   24 40 48 8d 54 24 70 48 8b 4c 24 40 e8 84 1a fe
0x00007ffeca4a355e:   ff 48 8b 00 48 89 44 24 48 48 8b 44 24 48 48 89
0x00007ffeca4a356e:   44 24 60 4c 8b 4c 24 50 4c 8b 44 24 58 48 8b 54
0x00007ffeca4a357e:   24 60 48 8d 4c 24 78 e8 b2 48 fe ff 48 8d 4c 24
0x00007ffeca4a358e:   78 e8 a8 20 fe ff 48 8b c8 ff 15 6b ba 16 00 89
0x00007ffeca4a359e:   44 24 24 83 7c 24 24 ff 74 15 8b 44 24 24 83 e0
0x00007ffeca4a35ae:   10 85 c0 74 0a c7 44 24 28 01 00 00 00 eb 08 c7
0x00007ffeca4a35be:   44 24 28 00 00 00 00 0f b6 44 24 28 88 44 24 20
0x00007ffeca4a35ce:   48 8d 4c 24 78 e8 04 49 fe ff 0f b6 44 24 20 48
0x00007ffeca4a35de:   8b 8c 24 98 00 00 00 48 33 cc e8 35 fe fd ff 48
0x00007ffeca4a35ee:   81 c4 a8 00 00 00 c3 cc cc cc cc cc cc cc cc cc
0x00007ffeca4a35fe:   cc cc 48 89 4c 24 08 48 81 ec e8 00 00 00 48 8b
0x00007ffeca4a360e:   05 a5 1a 15 00 48 33 c4 48 89 84 24 d0 00 00 00
0x00007ffeca4a361e:   c7 44 24 30 00 00 00 00 48 8b 84 24 f0 00 00 00
0x00007ffeca4a362e:   83 78 68 03 0f 84 02 01 00 00 48 8b 84 24 f0 00
0x00007ffeca4a363e:   00 00 48 8b 48 28 ff 15 c6 b9 16 00 89 44 24 38
0x00007ffeca4a364e:   83 7c 24 38 00 0f 85 d0 00 00 00 ba 07 00 00 00
0x00007ffeca4a365e:   48 8b 0d e3 69 15 00 e8 cd d9 fd ff 88 44 24 34
0x00007ffeca4a366e:   0f b6 44 24 34 85 c0 0f 84 90 00 00 00 ff 15 97
0x00007ffeca4a367e:   b9 16 00 89 44 24 3c 48 8b 84 24 f0 00 00 00 48
0x00007ffeca4a368e:   83 c0 08 48 8b d0 48 8d 8c 24 90 00 00 00 e8 cd
0x00007ffeca4a369e:   5b fe ff 48 89 44 24 40 48 8b 44 24 40 48 89 44
0x00007ffeca4a36ae:   24 48 8b 44 24 30 83 c8 01 89 44 24 30 48 8b 4c
0x00007ffeca4a36be:   24 48 e8 4e 4d fe ff 48 89 44 24 50 48 8b 84 24
0x00007ffeca4a36ce:   f0 00 00 00 48 8b 40 28 48 89 44 24 58 8b 44 24
0x00007ffeca4a36de:   3c 89 44 24 28 48 8b 44 24 50 48 89 44 24 20 4c
0x00007ffeca4a36ee:   8b 4c 24 58 4c 8d 05 67 4f 11 00 ba 07 00 00 00
0x00007ffeca4a36fe:   48 8b 0d 43 69 15 00 e8 71 67 fe ff 90 8b 44 24
0x00007ffeca4a370e:   30 83 e0 01 85 c0 74 13 83 64 24 30 fe 48 8d 8c
0x00007ffeca4a371e:   24 90 00 00 00 e8 eb 1a fe ff 90 eb 00 48 8b 84 


Stack slot to memory mapping:
stack at sp + 0 slots: 0x000000a9bb897f8c is an unknown value
stack at sp + 1 slots: 0x000000a9bb3dd9ec is an unknown value
stack at sp + 2 slots: 0x000000a9bb897f8c is an unknown value
stack at sp + 3 slots: 0x00007ffeca4be965 native-platform-file-events.dll
stack at sp + 4 slots: 0x0000003ca54fead8 is pointing into the stack for thread: 0x0000018b58e4ba10
stack at sp + 5 slots: 0x0000003ca54fea58 is pointing into the stack for thread: 0x0000018b58e4ba10
stack at sp + 6 slots: 0x0000003c00000000 is an unknown value
stack at sp + 7 slots: 0x0000003ca54fea68 is pointing into the stack for thread: 0x0000018b58e4ba10


---------------  P R O C E S S  ---------------

Threads class SMR info:
_java_thread_list=0x0000018b60ea5170, length=41, elements={
0x0000018b3c32ac80, 0x0000018b56bc5110, 0x0000018b56bc7c00, 0x0000018b56be4fe0,
0x0000018b56be69b0, 0x0000018b56be9b20, 0x0000018b56beb060, 0x0000018b56bf2f60,
0x0000018b575b0040, 0x0000018b576672f0, 0x0000018b5767c590, 0x0000018b5914f230,
0x0000018b5852f3b0, 0x0000018b58d41030, 0x0000018b58159880, 0x0000018b58374c80,
0x0000018b58e4b540, 0x0000018b58e4c880, 0x0000018b58e4a6d0, 0x0000018b58e4ba10,
0x0000018b58e4bee0, 0x0000018b58e4d220, 0x0000018b5b16d040, 0x0000018b5b16c1d0,
0x0000018b5b16c6a0, 0x0000018b5b16deb0, 0x0000018b5b16f1f0, 0x0000018b5b16a020,
0x0000018b5b170530, 0x0000018b5b16ae90, 0x0000018b5b16b360, 0x0000018b5b16e380,
0x0000018b5b16e850, 0x0000018b5b16ed20, 0x0000018b5b16f6c0, 0x0000018b5b16fb90,
0x0000018b5b168ce0, 0x0000018b5b1691b0, 0x0000018b5b169b50, 0x0000018b58e4c3b0,
0x0000018b58e4a200
}

Java Threads: ( => current thread )
  0x0000018b3c32ac80 JavaThread "main" [_thread_blocked, id=6644, stack(0x0000003ca3200000,0x0000003ca3300000)]
  0x0000018b56bc5110 JavaThread "Reference Handler" daemon [_thread_blocked, id=9384, stack(0x0000003ca3900000,0x0000003ca3a00000)]
  0x0000018b56bc7c00 JavaThread "Finalizer" daemon [_thread_blocked, id=4416, stack(0x0000003ca3a00000,0x0000003ca3b00000)]
  0x0000018b56be4fe0 JavaThread "Signal Dispatcher" daemon [_thread_blocked, id=9672, stack(0x0000003ca3b00000,0x0000003ca3c00000)]
  0x0000018b56be69b0 JavaThread "Attach Listener" daemon [_thread_blocked, id=7752, stack(0x0000003ca3c00000,0x0000003ca3d00000)]
  0x0000018b56be9b20 JavaThread "Service Thread" daemon [_thread_blocked, id=2872, stack(0x0000003ca3d00000,0x0000003ca3e00000)]
  0x0000018b56beb060 JavaThread "C2 CompilerThread0" daemon [_thread_blocked, id=9444, stack(0x0000003ca3e00000,0x0000003ca3f00000)]
  0x0000018b56bf2f60 JavaThread "C1 CompilerThread0" daemon [_thread_blocked, id=7992, stack(0x0000003ca3f00000,0x0000003ca4000000)]
  0x0000018b575b0040 JavaThread "Sweeper thread" daemon [_thread_blocked, id=2636, stack(0x0000003ca4000000,0x0000003ca4100000)]
  0x0000018b576672f0 JavaThread "Common-Cleaner" daemon [_thread_blocked, id=2056, stack(0x0000003ca4100000,0x0000003ca4200000)]
  0x0000018b5767c590 JavaThread "Notification Thread" daemon [_thread_blocked, id=632, stack(0x0000003ca4200000,0x0000003ca4300000)]
  0x0000018b5914f230 JavaThread "Daemon health stats" [_thread_blocked, id=5968, stack(0x0000003ca4600000,0x0000003ca4700000)]
  0x0000018b5852f3b0 JavaThread "Incoming local TCP Connector on port 50698" [_thread_in_native, id=6136, stack(0x0000003ca4700000,0x0000003ca4800000)]
  0x0000018b58d41030 JavaThread "Daemon" [_thread_blocked, id=1052, stack(0x0000003ca4800000,0x0000003ca4900000)]
  0x0000018b58159880 JavaThread "Daemon periodic checks" [_thread_blocked, id=5688, stack(0x0000003ca4900000,0x0000003ca4a00000)]
  0x0000018b58374c80 JavaThread "Daemon worker" [_thread_in_native, id=808, stack(0x0000003ca4c00000,0x0000003ca4d00000)]
  0x0000018b58e4b540 JavaThread "Cache worker for file hash cache (C:\Users\buscsimo\.gradle\caches\7.0\fileHashes)" [_thread_blocked, id=4280, stack(0x0000003ca5000000,0x0000003ca5100000)]
  0x0000018b58e4c880 JavaThread "File lock request listener" [_thread_in_native, id=2508, stack(0x0000003ca5100000,0x0000003ca5200000)]
  0x0000018b58e4a6d0 JavaThread "Cache worker for journal cache (C:\Users\buscsimo\.gradle\caches\journal-1)" [_thread_blocked, id=8948, stack(0x0000003ca5200000,0x0000003ca5300000)]
=>0x0000018b58e4ba10 JavaThread "File watcher server" daemon [_thread_in_native, id=9592, stack(0x0000003ca5400000,0x0000003ca5500000)]
  0x0000018b58e4bee0 JavaThread "File watcher consumer" daemon [_thread_blocked, id=8788, stack(0x0000003ca5500000,0x0000003ca5600000)]
  0x0000018b58e4d220 JavaThread "Cache worker for execution history cache (C:\Users\buscsimo\.gradle\caches\7.0\executionHistory)" [_thread_blocked, id=7516, stack(0x0000003ca5900000,0x0000003ca5a00000)]
  0x0000018b5b16d040 JavaThread "jar transforms" [_thread_blocked, id=2580, stack(0x0000003ca5a00000,0x0000003ca5b00000)]
  0x0000018b5b16c1d0 JavaThread "jar transforms Thread 2" [_thread_blocked, id=3948, stack(0x0000003ca5b00000,0x0000003ca5c00000)]
  0x0000018b5b16c6a0 JavaThread "Cache worker for file content cache (C:\Users\buscsimo\.gradle\caches\7.0\fileContent)" [_thread_blocked, id=2112, stack(0x0000003ca5c00000,0x0000003ca5d00000)]
  0x0000018b5b16deb0 JavaThread "Memory manager" [_thread_blocked, id=10152, stack(0x0000003ca6400000,0x0000003ca6500000)]
  0x0000018b5b16f1f0 JavaThread "Handler for socket connection from /127.0.0.1:50698 to /127.0.0.1:50756" [_thread_in_native, id=4208, stack(0x0000003ca3000000,0x0000003ca3100000)]
  0x0000018b5b16a020 JavaThread "Cancel handler" [_thread_blocked, id=7344, stack(0x0000003ca3100000,0x0000003ca3200000)]
  0x0000018b5b170530 JavaThread "Asynchronous log dispatcher for DefaultDaemonConnection: socket connection from /127.0.0.1:50698 to /127.0.0.1:50756" [_thread_blocked, id=2296, stack(0x0000003ca4a00000,0x0000003ca4b00000)]
  0x0000018b5b16ae90 JavaThread "Stdin handler" [_thread_blocked, id=9660, stack(0x0000003ca4b00000,0x0000003ca4c00000)]
  0x0000018b5b16b360 JavaThread "Daemon client event forwarder" [_thread_blocked, id=4436, stack(0x0000003ca4d00000,0x0000003ca4e00000)]
  0x0000018b5b16e380 JavaThread "Cache worker for file hash cache (H:\Desktop\github_projects\ScanParseProject-Gradle\.gradle\7.0\fileHashes)" [_thread_blocked, id=9816, stack(0x0000003ca4e00000,0x0000003ca4f00000)]
  0x0000018b5b16e850 JavaThread "Cache worker for checksums cache (H:\Desktop\github_projects\ScanParseProject-Gradle\.gradle\checksums)" [_thread_blocked, id=5880, stack(0x0000003ca4f00000,0x0000003ca5000000)]
  0x0000018b5b16ed20 JavaThread "Cache worker for cache directory md-supplier (C:\Users\buscsimo\.gradle\caches\7.0\md-supplier)" [_thread_blocked, id=4908, stack(0x0000003ca5300000,0x0000003ca5400000)]
  0x0000018b5b16f6c0 JavaThread "Cache worker for cache directory md-rule (C:\Users\buscsimo\.gradle\caches\7.0\md-rule)" [_thread_blocked, id=4004, stack(0x0000003ca5600000,0x0000003ca5700000)]
  0x0000018b5b16fb90 JavaThread "Cache worker for dependencies-accessors (H:\Desktop\github_projects\ScanParseProject-Gradle\.gradle\7.0\dependencies-accessors)" [_thread_blocked, id=9532, stack(0x0000003ca5700000,0x0000003ca5800000)]
  0x0000018b5b168ce0 JavaThread "Cache worker for Build Output Cleanup Cache (H:\Desktop\github_projects\ScanParseProject-Gradle\.gradle\buildOutputCleanup)" [_thread_blocked, id=9612, stack(0x0000003ca5800000,0x0000003ca5900000)]
  0x0000018b5b1691b0 JavaThread "Build operations" [_thread_blocked, id=10112, stack(0x0000003ca5d00000,0x0000003ca5e00000)]
  0x0000018b5b169b50 JavaThread "Build operations Thread 2" [_thread_blocked, id=1960, stack(0x0000003ca5f00000,0x0000003ca6000000)]
  0x0000018b58e4c3b0 JavaThread "Execution worker for ':'" [_thread_blocked, id=8944, stack(0x0000003ca6000000,0x0000003ca6100000)]
  0x0000018b58e4a200 JavaThread "Cache worker for execution history cache (H:\Desktop\github_projects\ScanParseProject-Gradle\.gradle\7.0\executionHistory)" [_thread_blocked, id=3268, stack(0x0000003ca6100000,0x0000003ca6200000)]

Other Threads:
  0x0000018b56bc11d0 VMThread "VM Thread" [stack: 0x0000003ca3800000,0x0000003ca3900000] [id=2884]
  0x0000018b5767ca60 WatcherThread [stack: 0x0000003ca4300000,0x0000003ca4400000] [id=5400]
  0x0000018b3c34ea50 GCTaskThread "GC Thread#0" [stack: 0x0000003ca3300000,0x0000003ca3400000] [id=4392]
  0x0000018b57653540 GCTaskThread "GC Thread#1" [stack: 0x0000003ca4400000,0x0000003ca4500000] [id=9044]
  0x0000018b3c353ab0 ConcurrentGCThread "G1 Main Marker" [stack: 0x0000003ca3400000,0x0000003ca3500000] [id=8608]
  0x0000018b3c3545b0 ConcurrentGCThread "G1 Conc#0" [stack: 0x0000003ca3500000,0x0000003ca3600000] [id=9280]
  0x0000018b56a70090 ConcurrentGCThread "G1 Refine#0" [stack: 0x0000003ca3600000,0x0000003ca3700000] [id=9080]
  0x0000018b578162a0 ConcurrentGCThread "G1 Refine#1" [stack: 0x0000003ca4500000,0x0000003ca4600000] [id=1556]
  0x0000018b56a70ba0 ConcurrentGCThread "G1 Young RemSet Sampling" [stack: 0x0000003ca3700000,0x0000003ca3800000] [id=4656]

Threads with active compile tasks:

VM state: not at safepoint (normal execution)

VM Mutex/Monitor currently owned by a thread: None

Heap address: 0x00000000e0000000, size: 512 MB, Compressed Oops mode: 32-bit
CDS archive(s) mapped at: [0x0000000800000000-0x0000000800b50000-0x0000000800b50000), size 11862016, SharedBaseAddress: 0x0000000800000000, ArchiveRelocationMode: 0.
Compressed class space mapped at: 0x0000000800b50000-0x0000000810350000, size: 260046848
Narrow klass base: 0x0000000800000000, Narrow klass shift: 3, Narrow klass range: 0x100000000

GC Precious Log:
 CPUs: 2 total, 2 available
 Memory: 3941M
 Large Page Support: Disabled
 NUMA Support: Disabled
 Compressed Oops: Enabled (32-bit)
 Heap Region Size: 1M
 Heap Min Capacity: 256M
 Heap Initial Capacity: 256M
 Heap Max Capacity: 512M
 Pre-touch: Disabled
 Parallel Workers: 2
 Concurrent Workers: 1
 Concurrent Refinement Workers: 2
 Periodic GC: Disabled

Heap:
 garbage-first heap   total 262144K, used 209665K [0x00000000e0000000, 0x0000000100000000)
  region size 1024K, 111 young (113664K), 10 survivors (10240K)
 Metaspace       used 76393K, capacity 78128K, committed 78384K, reserved 323584K
  class space    used 9756K, capacity 10336K, committed 10368K, reserved 253952K

Heap Regions: E=young(eden), S=young(survivor), O=old, HS=humongous(starts), HC=humongous(continues), CS=collection set, F=free, OA=open archive, CA=closed archive, TAMS=top-at-mark-start (previous, next)
|   0|0x00000000e0000000, 0x00000000e0100000, 0x00000000e0100000|100%|HS|  |TAMS 0x00000000e0100000, 0x00000000e0000000| Complete 
|   1|0x00000000e0100000, 0x00000000e0200000, 0x00000000e0200000|100%|HC|  |TAMS 0x00000000e0200000, 0x00000000e0100000| Complete 
|   2|0x00000000e0200000, 0x00000000e0300000, 0x00000000e0300000|100%|HC|  |TAMS 0x00000000e0300000, 0x00000000e0200000| Complete 
|   3|0x00000000e0300000, 0x00000000e0400000, 0x00000000e0400000|100%| O|  |TAMS 0x00000000e0400000, 0x00000000e0300000| Untracked 
|   4|0x00000000e0400000, 0x00000000e0500000, 0x00000000e0500000|100%| O|  |TAMS 0x00000000e0500000, 0x00000000e0400000| Untracked 
|   5|0x00000000e0500000, 0x00000000e0600000, 0x00000000e0600000|100%| O|  |TAMS 0x00000000e0600000, 0x00000000e0500000| Untracked 
|   6|0x00000000e0600000, 0x00000000e0700000, 0x00000000e0700000|100%| O|  |TAMS 0x00000000e0700000, 0x00000000e0600000| Untracked 
|   7|0x00000000e0700000, 0x00000000e0800000, 0x00000000e0800000|100%| O|  |TAMS 0x00000000e0800000, 0x00000000e0700000| Untracked 
|   8|0x00000000e0800000, 0x00000000e0900000, 0x00000000e0900000|100%| O|  |TAMS 0x00000000e0900000, 0x00000000e0800000| Untracked 
|   9|0x00000000e0900000, 0x00000000e0a00000, 0x00000000e0a00000|100%| O|  |TAMS 0x00000000e0a00000, 0x00000000e0900000| Untracked 
|  10|0x00000000e0a00000, 0x00000000e0b00000, 0x00000000e0b00000|100%| O|  |TAMS 0x00000000e0b00000, 0x00000000e0a00000| Untracked 
|  11|0x00000000e0b00000, 0x00000000e0c00000, 0x00000000e0c00000|100%| O|  |TAMS 0x00000000e0c00000, 0x00000000e0b00000| Untracked 
|  12|0x00000000e0c00000, 0x00000000e0d00000, 0x00000000e0d00000|100%| O|  |TAMS 0x00000000e0d00000, 0x00000000e0c00000| Untracked 
|  13|0x00000000e0d00000, 0x00000000e0e00000, 0x00000000e0e00000|100%| O|  |TAMS 0x00000000e0e00000, 0x00000000e0d00000| Untracked 
|  14|0x00000000e0e00000, 0x00000000e0f00000, 0x00000000e0f00000|100%| O|  |TAMS 0x00000000e0f00000, 0x00000000e0e00000| Untracked 
|  15|0x00000000e0f00000, 0x00000000e1000000, 0x00000000e1000000|100%| O|  |TAMS 0x00000000e1000000, 0x00000000e0f00000| Untracked 
|  16|0x00000000e1000000, 0x00000000e1100000, 0x00000000e1100000|100%| O|  |TAMS 0x00000000e1100000, 0x00000000e1000000| Untracked 
|  17|0x00000000e1100000, 0x00000000e1200000, 0x00000000e1200000|100%| O|  |TAMS 0x00000000e1200000, 0x00000000e1100000| Untracked 
|  18|0x00000000e1200000, 0x00000000e1300000, 0x00000000e1300000|100%| O|  |TAMS 0x00000000e1300000, 0x00000000e1200000| Untracked 
|  19|0x00000000e1300000, 0x00000000e1400000, 0x00000000e1400000|100%| O|  |TAMS 0x00000000e1400000, 0x00000000e1300000| Untracked 
|  20|0x00000000e1400000, 0x00000000e1500000, 0x00000000e1500000|100%| O|  |TAMS 0x00000000e1500000, 0x00000000e1400000| Untracked 
|  21|0x00000000e1500000, 0x00000000e1600000, 0x00000000e1600000|100%| O|  |TAMS 0x00000000e1600000, 0x00000000e1500000| Untracked 
|  22|0x00000000e1600000, 0x00000000e1700000, 0x00000000e1700000|100%| O|  |TAMS 0x00000000e1700000, 0x00000000e1600000| Untracked 
|  23|0x00000000e1700000, 0x00000000e1800000, 0x00000000e1800000|100%| O|  |TAMS 0x00000000e1800000, 0x00000000e1700000| Untracked 
|  24|0x00000000e1800000, 0x00000000e1900000, 0x00000000e1900000|100%| O|  |TAMS 0x00000000e1900000, 0x00000000e1800000| Untracked 
|  25|0x00000000e1900000, 0x00000000e1a00000, 0x00000000e1a00000|100%| O|  |TAMS 0x00000000e1a00000, 0x00000000e1900000| Untracked 
|  26|0x00000000e1a00000, 0x00000000e1b00000, 0x00000000e1b00000|100%| O|  |TAMS 0x00000000e1a1a600, 0x00000000e1a00000| Untracked 
|  27|0x00000000e1b00000, 0x00000000e1c00000, 0x00000000e1c00000|100%| O|  |TAMS 0x00000000e1b00000, 0x00000000e1b00000| Untracked 
|  28|0x00000000e1c00000, 0x00000000e1d00000, 0x00000000e1d00000|100%|HS|  |TAMS 0x00000000e1c00000, 0x00000000e1c00000| Complete 
|  29|0x00000000e1d00000, 0x00000000e1e00000, 0x00000000e1e00000|100%|HC|  |TAMS 0x00000000e1d00000, 0x00000000e1d00000| Complete 
|  30|0x00000000e1e00000, 0x00000000e1f00000, 0x00000000e1f00000|100%|HC|  |TAMS 0x00000000e1e00000, 0x00000000e1e00000| Complete 
|  31|0x00000000e1f00000, 0x00000000e2000000, 0x00000000e2000000|100%|HC|  |TAMS 0x00000000e1f00000, 0x00000000e1f00000| Complete 
|  32|0x00000000e2000000, 0x00000000e2100000, 0x00000000e2100000|100%|HC|  |TAMS 0x00000000e2000000, 0x00000000e2000000| Complete 
|  33|0x00000000e2100000, 0x00000000e2200000, 0x00000000e2200000|100%|HS|  |TAMS 0x00000000e2100000, 0x00000000e2100000| Complete 
|  34|0x00000000e2200000, 0x00000000e2300000, 0x00000000e2300000|100%|HC|  |TAMS 0x00000000e2200000, 0x00000000e2200000| Complete 
|  35|0x00000000e2300000, 0x00000000e2400000, 0x00000000e2400000|100%|HC|  |TAMS 0x00000000e2300000, 0x00000000e2300000| Complete 
|  36|0x00000000e2400000, 0x00000000e2500000, 0x00000000e2500000|100%|HC|  |TAMS 0x00000000e2400000, 0x00000000e2400000| Complete 
|  37|0x00000000e2500000, 0x00000000e2600000, 0x00000000e2600000|100%| O|  |TAMS 0x00000000e2500000, 0x00000000e2500000| Untracked 
|  38|0x00000000e2600000, 0x00000000e2700000, 0x00000000e2700000|100%| O|  |TAMS 0x00000000e2600000, 0x00000000e2600000| Untracked 
|  39|0x00000000e2700000, 0x00000000e2800000, 0x00000000e2800000|100%| O|  |TAMS 0x00000000e2700000, 0x00000000e2700000| Untracked 
|  40|0x00000000e2800000, 0x00000000e2900000, 0x00000000e2900000|100%| O|  |TAMS 0x00000000e2800000, 0x00000000e2800000| Untracked 
|  41|0x00000000e2900000, 0x00000000e2a00000, 0x00000000e2a00000|100%| O|  |TAMS 0x00000000e2900000, 0x00000000e2900000| Untracked 
|  42|0x00000000e2a00000, 0x00000000e2b00000, 0x00000000e2b00000|100%|HS|  |TAMS 0x00000000e2a00000, 0x00000000e2a00000| Complete 
|  43|0x00000000e2b00000, 0x00000000e2c00000, 0x00000000e2c00000|100%|HC|  |TAMS 0x00000000e2b00000, 0x00000000e2b00000| Complete 
|  44|0x00000000e2c00000, 0x00000000e2d00000, 0x00000000e2d00000|100%|HC|  |TAMS 0x00000000e2c00000, 0x00000000e2c00000| Complete 
|  45|0x00000000e2d00000, 0x00000000e2e00000, 0x00000000e2e00000|100%|HC|  |TAMS 0x00000000e2d00000, 0x00000000e2d00000| Complete 
|  46|0x00000000e2e00000, 0x00000000e2f00000, 0x00000000e2f00000|100%| O|  |TAMS 0x00000000e2e00000, 0x00000000e2e00000| Untracked 
|  47|0x00000000e2f00000, 0x00000000e3000000, 0x00000000e3000000|100%| O|  |TAMS 0x00000000e2f00000, 0x00000000e2f00000| Untracked 
|  48|0x00000000e3000000, 0x00000000e3100000, 0x00000000e3100000|100%| O|  |TAMS 0x00000000e3000000, 0x00000000e3000000| Untracked 
|  49|0x00000000e3100000, 0x00000000e3200000, 0x00000000e3200000|100%| O|  |TAMS 0x00000000e3100000, 0x00000000e3100000| Untracked 
|  50|0x00000000e3200000, 0x00000000e3300000, 0x00000000e3300000|100%| O|  |TAMS 0x00000000e3200000, 0x00000000e3200000| Untracked 
|  51|0x00000000e3300000, 0x00000000e3400000, 0x00000000e3400000|100%| O|  |TAMS 0x00000000e3300000, 0x00000000e3300000| Untracked 
|  52|0x00000000e3400000, 0x00000000e3500000, 0x00000000e3500000|100%| O|  |TAMS 0x00000000e3400000, 0x00000000e3400000| Untracked 
|  53|0x00000000e3500000, 0x00000000e3600000, 0x00000000e3600000|100%| O|  |TAMS 0x00000000e3500000, 0x00000000e3500000| Untracked 
|  54|0x00000000e3600000, 0x00000000e3700000, 0x00000000e3700000|100%| O|  |TAMS 0x00000000e3600000, 0x00000000e3600000| Untracked 
|  55|0x00000000e3700000, 0x00000000e3800000, 0x00000000e3800000|100%| O|  |TAMS 0x00000000e3700000, 0x00000000e3700000| Untracked 
|  56|0x00000000e3800000, 0x00000000e3900000, 0x00000000e3900000|100%| O|  |TAMS 0x00000000e3800000, 0x00000000e3800000| Untracked 
|  57|0x00000000e3900000, 0x00000000e3a00000, 0x00000000e3a00000|100%| O|  |TAMS 0x00000000e3900000, 0x00000000e3900000| Untracked 
|  58|0x00000000e3a00000, 0x00000000e3b00000, 0x00000000e3b00000|100%| O|  |TAMS 0x00000000e3a00000, 0x00000000e3a00000| Untracked 
|  59|0x00000000e3b00000, 0x00000000e3c00000, 0x00000000e3c00000|100%| O|  |TAMS 0x00000000e3b00000, 0x00000000e3b00000| Untracked 
|  60|0x00000000e3c00000, 0x00000000e3d00000, 0x00000000e3d00000|100%| O|  |TAMS 0x00000000e3c00000, 0x00000000e3c00000| Untracked 
|  61|0x00000000e3d00000, 0x00000000e3e00000, 0x00000000e3e00000|100%| O|  |TAMS 0x00000000e3d00000, 0x00000000e3d00000| Untracked 
|  62|0x00000000e3e00000, 0x00000000e3f00000, 0x00000000e3f00000|100%| O|  |TAMS 0x00000000e3e00000, 0x00000000e3e00000| Untracked 
|  63|0x00000000e3f00000, 0x00000000e4000000, 0x00000000e4000000|100%| O|  |TAMS 0x00000000e3f00000, 0x00000000e3f00000| Untracked 
|  64|0x00000000e4000000, 0x00000000e4100000, 0x00000000e4100000|100%| O|  |TAMS 0x00000000e4000000, 0x00000000e4000000| Untracked 
|  65|0x00000000e4100000, 0x00000000e4200000, 0x00000000e4200000|100%| O|  |TAMS 0x00000000e4100000, 0x00000000e4100000| Untracked 
|  66|0x00000000e4200000, 0x00000000e4300000, 0x00000000e4300000|100%|HS|  |TAMS 0x00000000e4200000, 0x00000000e4200000| Complete 
|  67|0x00000000e4300000, 0x00000000e4400000, 0x00000000e4400000|100%|HC|  |TAMS 0x00000000e4300000, 0x00000000e4300000| Complete 
|  68|0x00000000e4400000, 0x00000000e4500000, 0x00000000e4500000|100%|HC|  |TAMS 0x00000000e4400000, 0x00000000e4400000| Complete 
|  69|0x00000000e4500000, 0x00000000e4600000, 0x00000000e4600000|100%|HC|  |TAMS 0x00000000e4500000, 0x00000000e4500000| Complete 
|  70|0x00000000e4600000, 0x00000000e4700000, 0x00000000e4700000|100%|HC|  |TAMS 0x00000000e4600000, 0x00000000e4600000| Complete 
|  71|0x00000000e4700000, 0x00000000e4800000, 0x00000000e4800000|100%| O|  |TAMS 0x00000000e4700000, 0x00000000e4700000| Untracked 
|  72|0x00000000e4800000, 0x00000000e4900000, 0x00000000e4900000|100%| O|  |TAMS 0x00000000e4800000, 0x00000000e4800000| Untracked 
|  73|0x00000000e4900000, 0x00000000e4a00000, 0x00000000e4a00000|100%|HS|  |TAMS 0x00000000e4900000, 0x00000000e4900000| Complete 
|  74|0x00000000e4a00000, 0x00000000e4b00000, 0x00000000e4b00000|100%|HC|  |TAMS 0x00000000e4a00000, 0x00000000e4a00000| Complete 
|  75|0x00000000e4b00000, 0x00000000e4c00000, 0x00000000e4c00000|100%|HC|  |TAMS 0x00000000e4b00000, 0x00000000e4b00000| Complete 
|  76|0x00000000e4c00000, 0x00000000e4d00000, 0x00000000e4d00000|100%|HC|  |TAMS 0x00000000e4c00000, 0x00000000e4c00000| Complete 
|  77|0x00000000e4d00000, 0x00000000e4e00000, 0x00000000e4e00000|100%|HC|  |TAMS 0x00000000e4d00000, 0x00000000e4d00000| Complete 
|  78|0x00000000e4e00000, 0x00000000e4f00000, 0x00000000e4f00000|100%|HS|  |TAMS 0x00000000e4e00000, 0x00000000e4e00000| Complete 
|  79|0x00000000e4f00000, 0x00000000e5000000, 0x00000000e5000000|100%|HC|  |TAMS 0x00000000e4f00000, 0x00000000e4f00000| Complete 
|  80|0x00000000e5000000, 0x00000000e5100000, 0x00000000e5100000|100%|HC|  |TAMS 0x00000000e5000000, 0x00000000e5000000| Complete 
|  81|0x00000000e5100000, 0x00000000e5200000, 0x00000000e5200000|100%|HC|  |TAMS 0x00000000e5100000, 0x00000000e5100000| Complete 
|  82|0x00000000e5200000, 0x00000000e5300000, 0x00000000e5300000|100%| O|  |TAMS 0x00000000e5200000, 0x00000000e5200000| Untracked 
|  83|0x00000000e5300000, 0x00000000e5400000, 0x00000000e5400000|100%| O|  |TAMS 0x00000000e5300000, 0x00000000e5300000| Untracked 
|  84|0x00000000e5400000, 0x00000000e5500000, 0x00000000e5500000|100%| O|  |TAMS 0x00000000e5400000, 0x00000000e5400000| Untracked 
|  85|0x00000000e5500000, 0x00000000e5600000, 0x00000000e5600000|100%| O|  |TAMS 0x00000000e5500000, 0x00000000e5500000| Untracked 
|  86|0x00000000e5600000, 0x00000000e5700000, 0x00000000e5700000|100%| O|  |TAMS 0x00000000e5600000, 0x00000000e5600000| Untracked 
|  87|0x00000000e5700000, 0x00000000e5800000, 0x00000000e5800000|100%| O|  |TAMS 0x00000000e5700000, 0x00000000e5700000| Untracked 
|  88|0x00000000e5800000, 0x00000000e5900000, 0x00000000e5900000|100%| O|  |TAMS 0x00000000e5800000, 0x00000000e5800000| Untracked 
|  89|0x00000000e5900000, 0x00000000e5a00000, 0x00000000e5a00000|100%| O|  |TAMS 0x00000000e5900000, 0x00000000e5900000| Untracked 
|  90|0x00000000e5a00000, 0x00000000e5b00000, 0x00000000e5b00000|100%| O|  |TAMS 0x00000000e5a00000, 0x00000000e5a00000| Untracked 
|  91|0x00000000e5b00000, 0x00000000e5c00000, 0x00000000e5c00000|100%| O|  |TAMS 0x00000000e5b00000, 0x00000000e5b00000| Untracked 
|  92|0x00000000e5c00000, 0x00000000e5d00000, 0x00000000e5d00000|100%| O|  |TAMS 0x00000000e5c00000, 0x00000000e5c00000| Untracked 
|  93|0x00000000e5d00000, 0x00000000e5d00000, 0x00000000e5e00000|  0%| F|  |TAMS 0x00000000e5d00000, 0x00000000e5d00000| Untracked 
|  94|0x00000000e5e00000, 0x00000000e5e00000, 0x00000000e5f00000|  0%| F|  |TAMS 0x00000000e5e00000, 0x00000000e5e00000| Untracked 
|  95|0x00000000e5f00000, 0x00000000e5f00000, 0x00000000e6000000|  0%| F|  |TAMS 0x00000000e5f00000, 0x00000000e5f00000| Untracked 
|  96|0x00000000e6000000, 0x00000000e6000000, 0x00000000e6100000|  0%| F|  |TAMS 0x00000000e6000000, 0x00000000e6000000| Untracked 
|  97|0x00000000e6100000, 0x00000000e6100000, 0x00000000e6200000|  0%| F|  |TAMS 0x00000000e6100000, 0x00000000e6100000| Untracked 
|  98|0x00000000e6200000, 0x00000000e6200000, 0x00000000e6300000|  0%| F|  |TAMS 0x00000000e6200000, 0x00000000e6200000| Untracked 
|  99|0x00000000e6300000, 0x00000000e6300000, 0x00000000e6400000|  0%| F|  |TAMS 0x00000000e6300000, 0x00000000e6300000| Untracked 
| 100|0x00000000e6400000, 0x00000000e6400000, 0x00000000e6500000|  0%| F|  |TAMS 0x00000000e6400000, 0x00000000e6400000| Untracked 
| 101|0x00000000e6500000, 0x00000000e6500000, 0x00000000e6600000|  0%| F|  |TAMS 0x00000000e6500000, 0x00000000e6500000| Untracked 
| 102|0x00000000e6600000, 0x00000000e6600000, 0x00000000e6700000|  0%| F|  |TAMS 0x00000000e6600000, 0x00000000e6600000| Untracked 
| 103|0x00000000e6700000, 0x00000000e6700000, 0x00000000e6800000|  0%| F|  |TAMS 0x00000000e6700000, 0x00000000e6700000| Untracked 
| 104|0x00000000e6800000, 0x00000000e6800000, 0x00000000e6900000|  0%| F|  |TAMS 0x00000000e6800000, 0x00000000e6800000| Untracked 
| 105|0x00000000e6900000, 0x00000000e6900000, 0x00000000e6a00000|  0%| F|  |TAMS 0x00000000e6900000, 0x00000000e6900000| Untracked 
| 106|0x00000000e6a00000, 0x00000000e6b00000, 0x00000000e6b00000|100%| O|  |TAMS 0x00000000e6a00000, 0x00000000e6a00000| Untracked 
| 107|0x00000000e6b00000, 0x00000000e6bc0600, 0x00000000e6c00000| 75%| O|  |TAMS 0x00000000e6b00000, 0x00000000e6b00000| Untracked 
| 108|0x00000000e6c00000, 0x00000000e6c00000, 0x00000000e6d00000|  0%| F|  |TAMS 0x00000000e6c00000, 0x00000000e6c00000| Untracked 
| 109|0x00000000e6d00000, 0x00000000e6d00000, 0x00000000e6e00000|  0%| F|  |TAMS 0x00000000e6d00000, 0x00000000e6d00000| Untracked 
| 110|0x00000000e6e00000, 0x00000000e6e00000, 0x00000000e6f00000|  0%| F|  |TAMS 0x00000000e6e00000, 0x00000000e6e00000| Untracked 
| 111|0x00000000e6f00000, 0x00000000e6f00000, 0x00000000e7000000|  0%| F|  |TAMS 0x00000000e6f00000, 0x00000000e6f00000| Untracked 
| 112|0x00000000e7000000, 0x00000000e7000000, 0x00000000e7100000|  0%| F|  |TAMS 0x00000000e7000000, 0x00000000e7000000| Untracked 
| 113|0x00000000e7100000, 0x00000000e7100000, 0x00000000e7200000|  0%| F|  |TAMS 0x00000000e7100000, 0x00000000e7100000| Untracked 
| 114|0x00000000e7200000, 0x00000000e7200000, 0x00000000e7300000|  0%| F|  |TAMS 0x00000000e7200000, 0x00000000e7200000| Untracked 
| 115|0x00000000e7300000, 0x00000000e7300000, 0x00000000e7400000|  0%| F|  |TAMS 0x00000000e7300000, 0x00000000e7300000| Untracked 
| 116|0x00000000e7400000, 0x00000000e7400000, 0x00000000e7500000|  0%| F|  |TAMS 0x00000000e7400000, 0x00000000e7400000| Untracked 
| 117|0x00000000e7500000, 0x00000000e7500000, 0x00000000e7600000|  0%| F|  |TAMS 0x00000000e7500000, 0x00000000e7500000| Untracked 
| 118|0x00000000e7600000, 0x00000000e7600000, 0x00000000e7700000|  0%| F|  |TAMS 0x00000000e7600000, 0x00000000e7600000| Untracked 
| 119|0x00000000e7700000, 0x00000000e7700000, 0x00000000e7800000|  0%| F|  |TAMS 0x00000000e7700000, 0x00000000e7700000| Untracked 
| 120|0x00000000e7800000, 0x00000000e7800000, 0x00000000e7900000|  0%| F|  |TAMS 0x00000000e7800000, 0x00000000e7800000| Untracked 
| 121|0x00000000e7900000, 0x00000000e7900000, 0x00000000e7a00000|  0%| F|  |TAMS 0x00000000e7900000, 0x00000000e7900000| Untracked 
| 122|0x00000000e7a00000, 0x00000000e7a00000, 0x00000000e7b00000|  0%| F|  |TAMS 0x00000000e7a00000, 0x00000000e7a00000| Untracked 
| 123|0x00000000e7b00000, 0x00000000e7c00000, 0x00000000e7c00000|100%| S|CS|TAMS 0x00000000e7b00000, 0x00000000e7b00000| Complete 
| 124|0x00000000e7c00000, 0x00000000e7d00000, 0x00000000e7d00000|100%| S|CS|TAMS 0x00000000e7c00000, 0x00000000e7c00000| Complete 
| 125|0x00000000e7d00000, 0x00000000e7e00000, 0x00000000e7e00000|100%| S|CS|TAMS 0x00000000e7d00000, 0x00000000e7d00000| Complete 
| 126|0x00000000e7e00000, 0x00000000e7f00000, 0x00000000e7f00000|100%| S|CS|TAMS 0x00000000e7e00000, 0x00000000e7e00000| Complete 
| 127|0x00000000e7f00000, 0x00000000e8000000, 0x00000000e8000000|100%| S|CS|TAMS 0x00000000e7f00000, 0x00000000e7f00000| Complete 
| 128|0x00000000e8000000, 0x00000000e8100000, 0x00000000e8100000|100%| S|CS|TAMS 0x00000000e8000000, 0x00000000e8000000| Complete 
| 129|0x00000000e8100000, 0x00000000e8100000, 0x00000000e8200000|  0%| F|  |TAMS 0x00000000e8100000, 0x00000000e8100000| Untracked 
| 130|0x00000000e8200000, 0x00000000e8200000, 0x00000000e8300000|  0%| F|  |TAMS 0x00000000e8200000, 0x00000000e8200000| Untracked 
| 131|0x00000000e8300000, 0x00000000e8300000, 0x00000000e8400000|  0%| F|  |TAMS 0x00000000e8300000, 0x00000000e8300000| Untracked 
| 132|0x00000000e8400000, 0x00000000e8400000, 0x00000000e8500000|  0%| F|  |TAMS 0x00000000e8400000, 0x00000000e8400000| Untracked 
| 133|0x00000000e8500000, 0x00000000e8500000, 0x00000000e8600000|  0%| F|  |TAMS 0x00000000e8500000, 0x00000000e8500000| Untracked 
| 134|0x00000000e8600000, 0x00000000e8700000, 0x00000000e8700000|100%| S|CS|TAMS 0x00000000e8600000, 0x00000000e8600000| Complete 
| 135|0x00000000e8700000, 0x00000000e8800000, 0x00000000e8800000|100%| S|CS|TAMS 0x00000000e8700000, 0x00000000e8700000| Complete 
| 136|0x00000000e8800000, 0x00000000e8900000, 0x00000000e8900000|100%| S|CS|TAMS 0x00000000e8800000, 0x00000000e8800000| Complete 
| 137|0x00000000e8900000, 0x00000000e8a00000, 0x00000000e8a00000|100%| S|CS|TAMS 0x00000000e8900000, 0x00000000e8900000| Complete 
| 138|0x00000000e8a00000, 0x00000000e8a00000, 0x00000000e8b00000|  0%| F|  |TAMS 0x00000000e8a00000, 0x00000000e8a00000| Untracked 
| 139|0x00000000e8b00000, 0x00000000e8b00000, 0x00000000e8c00000|  0%| F|  |TAMS 0x00000000e8b00000, 0x00000000e8b00000| Untracked 
| 140|0x00000000e8c00000, 0x00000000e8c00000, 0x00000000e8d00000|  0%| F|  |TAMS 0x00000000e8c00000, 0x00000000e8c00000| Untracked 
| 141|0x00000000e8d00000, 0x00000000e8d00000, 0x00000000e8e00000|  0%| F|  |TAMS 0x00000000e8d00000, 0x00000000e8d00000| Untracked 
| 142|0x00000000e8e00000, 0x00000000e8e00000, 0x00000000e8f00000|  0%| F|  |TAMS 0x00000000e8e00000, 0x00000000e8e00000| Untracked 
| 143|0x00000000e8f00000, 0x00000000e8f00000, 0x00000000e9000000|  0%| F|  |TAMS 0x00000000e8f00000, 0x00000000e8f00000| Untracked 
| 144|0x00000000e9000000, 0x00000000e9000000, 0x00000000e9100000|  0%| F|  |TAMS 0x00000000e9000000, 0x00000000e9000000| Untracked 
| 145|0x00000000e9100000, 0x00000000e9100000, 0x00000000e9200000|  0%| F|  |TAMS 0x00000000e9100000, 0x00000000e9100000| Untracked 
| 146|0x00000000e9200000, 0x00000000e9200000, 0x00000000e9300000|  0%| F|  |TAMS 0x00000000e9200000, 0x00000000e9200000| Untracked 
| 147|0x00000000e9300000, 0x00000000e9300000, 0x00000000e9400000|  0%| F|  |TAMS 0x00000000e9300000, 0x00000000e9300000| Untracked 
| 148|0x00000000e9400000, 0x00000000e9400000, 0x00000000e9500000|  0%| F|  |TAMS 0x00000000e9400000, 0x00000000e9400000| Untracked 
| 149|0x00000000e9500000, 0x00000000e9500000, 0x00000000e9600000|  0%| F|  |TAMS 0x00000000e9500000, 0x00000000e9500000| Untracked 
| 150|0x00000000e9600000, 0x00000000e9600000, 0x00000000e9700000|  0%| F|  |TAMS 0x00000000e9600000, 0x00000000e9600000| Untracked 
| 151|0x00000000e9700000, 0x00000000e9700000, 0x00000000e9800000|  0%| F|  |TAMS 0x00000000e9700000, 0x00000000e9700000| Untracked 
| 152|0x00000000e9800000, 0x00000000e9800000, 0x00000000e9900000|  0%| F|  |TAMS 0x00000000e9800000, 0x00000000e9800000| Untracked 
| 153|0x00000000e9900000, 0x00000000e9900000, 0x00000000e9a00000|  0%| F|  |TAMS 0x00000000e9900000, 0x00000000e9900000| Untracked 
| 154|0x00000000e9a00000, 0x00000000e9a00000, 0x00000000e9b00000|  0%| F|  |TAMS 0x00000000e9a00000, 0x00000000e9a00000| Untracked 
| 155|0x00000000e9b00000, 0x00000000e9bce278, 0x00000000e9c00000| 80%| E|  |TAMS 0x00000000e9b00000, 0x00000000e9b00000| Complete 
| 156|0x00000000e9c00000, 0x00000000e9d00000, 0x00000000e9d00000|100%| E|CS|TAMS 0x00000000e9c00000, 0x00000000e9c00000| Complete 
| 157|0x00000000e9d00000, 0x00000000e9e00000, 0x00000000e9e00000|100%| E|CS|TAMS 0x00000000e9d00000, 0x00000000e9d00000| Complete 
| 158|0x00000000e9e00000, 0x00000000e9f00000, 0x00000000e9f00000|100%| E|CS|TAMS 0x00000000e9e00000, 0x00000000e9e00000| Complete 
| 159|0x00000000e9f00000, 0x00000000ea000000, 0x00000000ea000000|100%| E|CS|TAMS 0x00000000e9f00000, 0x00000000e9f00000| Complete 
| 160|0x00000000ea000000, 0x00000000ea100000, 0x00000000ea100000|100%| E|CS|TAMS 0x00000000ea000000, 0x00000000ea000000| Complete 
| 161|0x00000000ea100000, 0x00000000ea200000, 0x00000000ea200000|100%| E|CS|TAMS 0x00000000ea100000, 0x00000000ea100000| Complete 
| 162|0x00000000ea200000, 0x00000000ea300000, 0x00000000ea300000|100%| E|CS|TAMS 0x00000000ea200000, 0x00000000ea200000| Complete 
| 163|0x00000000ea300000, 0x00000000ea400000, 0x00000000ea400000|100%| E|CS|TAMS 0x00000000ea300000, 0x00000000ea300000| Complete 
| 164|0x00000000ea400000, 0x00000000ea500000, 0x00000000ea500000|100%| E|CS|TAMS 0x00000000ea400000, 0x00000000ea400000| Complete 
| 165|0x00000000ea500000, 0x00000000ea600000, 0x00000000ea600000|100%| E|CS|TAMS 0x00000000ea500000, 0x00000000ea500000| Complete 
| 166|0x00000000ea600000, 0x00000000ea700000, 0x00000000ea700000|100%| E|CS|TAMS 0x00000000ea600000, 0x00000000ea600000| Complete 
| 167|0x00000000ea700000, 0x00000000ea800000, 0x00000000ea800000|100%| E|CS|TAMS 0x00000000ea700000, 0x00000000ea700000| Complete 
| 168|0x00000000ea800000, 0x00000000ea900000, 0x00000000ea900000|100%| E|CS|TAMS 0x00000000ea800000, 0x00000000ea800000| Complete 
| 169|0x00000000ea900000, 0x00000000eaa00000, 0x00000000eaa00000|100%| E|CS|TAMS 0x00000000ea900000, 0x00000000ea900000| Complete 
| 170|0x00000000eaa00000, 0x00000000eab00000, 0x00000000eab00000|100%| E|CS|TAMS 0x00000000eaa00000, 0x00000000eaa00000| Complete 
| 171|0x00000000eab00000, 0x00000000eac00000, 0x00000000eac00000|100%| E|CS|TAMS 0x00000000eab00000, 0x00000000eab00000| Complete 
| 172|0x00000000eac00000, 0x00000000ead00000, 0x00000000ead00000|100%| E|CS|TAMS 0x00000000eac00000, 0x00000000eac00000| Complete 
| 173|0x00000000ead00000, 0x00000000eae00000, 0x00000000eae00000|100%| E|CS|TAMS 0x00000000ead00000, 0x00000000ead00000| Complete 
| 174|0x00000000eae00000, 0x00000000eaf00000, 0x00000000eaf00000|100%| E|CS|TAMS 0x00000000eae00000, 0x00000000eae00000| Complete 
| 175|0x00000000eaf00000, 0x00000000eb000000, 0x00000000eb000000|100%| E|CS|TAMS 0x00000000eaf00000, 0x00000000eaf00000| Complete 
| 176|0x00000000eb000000, 0x00000000eb100000, 0x00000000eb100000|100%| E|CS|TAMS 0x00000000eb000000, 0x00000000eb000000| Complete 
| 177|0x00000000eb100000, 0x00000000eb200000, 0x00000000eb200000|100%| E|CS|TAMS 0x00000000eb100000, 0x00000000eb100000| Complete 
| 178|0x00000000eb200000, 0x00000000eb300000, 0x00000000eb300000|100%| E|CS|TAMS 0x00000000eb200000, 0x00000000eb200000| Complete 
| 179|0x00000000eb300000, 0x00000000eb400000, 0x00000000eb400000|100%| E|CS|TAMS 0x00000000eb300000, 0x00000000eb300000| Complete 
| 180|0x00000000eb400000, 0x00000000eb500000, 0x00000000eb500000|100%| E|CS|TAMS 0x00000000eb400000, 0x00000000eb400000| Complete 
| 181|0x00000000eb500000, 0x00000000eb600000, 0x00000000eb600000|100%| E|CS|TAMS 0x00000000eb500000, 0x00000000eb500000| Complete 
| 182|0x00000000eb600000, 0x00000000eb700000, 0x00000000eb700000|100%| E|CS|TAMS 0x00000000eb600000, 0x00000000eb600000| Complete 
| 183|0x00000000eb700000, 0x00000000eb800000, 0x00000000eb800000|100%| E|CS|TAMS 0x00000000eb700000, 0x00000000eb700000| Complete 
| 184|0x00000000eb800000, 0x00000000eb900000, 0x00000000eb900000|100%| E|CS|TAMS 0x00000000eb800000, 0x00000000eb800000| Complete 
| 185|0x00000000eb900000, 0x00000000eba00000, 0x00000000eba00000|100%| E|CS|TAMS 0x00000000eb900000, 0x00000000eb900000| Complete 
| 186|0x00000000eba00000, 0x00000000ebb00000, 0x00000000ebb00000|100%| E|CS|TAMS 0x00000000eba00000, 0x00000000eba00000| Complete 
| 187|0x00000000ebb00000, 0x00000000ebc00000, 0x00000000ebc00000|100%| E|CS|TAMS 0x00000000ebb00000, 0x00000000ebb00000| Complete 
| 188|0x00000000ebc00000, 0x00000000ebd00000, 0x00000000ebd00000|100%| E|CS|TAMS 0x00000000ebc00000, 0x00000000ebc00000| Complete 
| 189|0x00000000ebd00000, 0x00000000ebe00000, 0x00000000ebe00000|100%| E|CS|TAMS 0x00000000ebd00000, 0x00000000ebd00000| Complete 
| 190|0x00000000ebe00000, 0x00000000ebf00000, 0x00000000ebf00000|100%| E|CS|TAMS 0x00000000ebe00000, 0x00000000ebe00000| Complete 
| 191|0x00000000ebf00000, 0x00000000ec000000, 0x00000000ec000000|100%| E|CS|TAMS 0x00000000ebf00000, 0x00000000ebf00000| Complete 
| 192|0x00000000ec000000, 0x00000000ec100000, 0x00000000ec100000|100%| E|CS|TAMS 0x00000000ec000000, 0x00000000ec000000| Complete 
| 193|0x00000000ec100000, 0x00000000ec200000, 0x00000000ec200000|100%| E|CS|TAMS 0x00000000ec100000, 0x00000000ec100000| Complete 
| 194|0x00000000ec200000, 0x00000000ec300000, 0x00000000ec300000|100%| E|CS|TAMS 0x00000000ec200000, 0x00000000ec200000| Complete 
| 195|0x00000000ec300000, 0x00000000ec400000, 0x00000000ec400000|100%| E|CS|TAMS 0x00000000ec300000, 0x00000000ec300000| Complete 
| 196|0x00000000ec400000, 0x00000000ec500000, 0x00000000ec500000|100%| E|CS|TAMS 0x00000000ec400000, 0x00000000ec400000| Complete 
| 197|0x00000000ec500000, 0x00000000ec600000, 0x00000000ec600000|100%| E|CS|TAMS 0x00000000ec500000, 0x00000000ec500000| Complete 
| 198|0x00000000ec600000, 0x00000000ec700000, 0x00000000ec700000|100%| E|CS|TAMS 0x00000000ec600000, 0x00000000ec600000| Complete 
| 199|0x00000000ec700000, 0x00000000ec800000, 0x00000000ec800000|100%| E|CS|TAMS 0x00000000ec700000, 0x00000000ec700000| Complete 
| 200|0x00000000ec800000, 0x00000000ec900000, 0x00000000ec900000|100%| E|CS|TAMS 0x00000000ec800000, 0x00000000ec800000| Complete 
| 201|0x00000000ec900000, 0x00000000eca00000, 0x00000000eca00000|100%| E|CS|TAMS 0x00000000ec900000, 0x00000000ec900000| Complete 
| 202|0x00000000eca00000, 0x00000000ecb00000, 0x00000000ecb00000|100%| E|CS|TAMS 0x00000000eca00000, 0x00000000eca00000| Complete 
| 203|0x00000000ecb00000, 0x00000000ecc00000, 0x00000000ecc00000|100%| E|CS|TAMS 0x00000000ecb00000, 0x00000000ecb00000| Complete 
| 204|0x00000000ecc00000, 0x00000000ecd00000, 0x00000000ecd00000|100%| E|CS|TAMS 0x00000000ecc00000, 0x00000000ecc00000| Complete 
| 205|0x00000000ecd00000, 0x00000000ece00000, 0x00000000ece00000|100%| E|CS|TAMS 0x00000000ecd00000, 0x00000000ecd00000| Complete 
| 206|0x00000000ece00000, 0x00000000ecf00000, 0x00000000ecf00000|100%| E|CS|TAMS 0x00000000ece00000, 0x00000000ece00000| Complete 
| 207|0x00000000ecf00000, 0x00000000ed000000, 0x00000000ed000000|100%| E|CS|TAMS 0x00000000ecf00000, 0x00000000ecf00000| Complete 
| 208|0x00000000ed000000, 0x00000000ed100000, 0x00000000ed100000|100%| E|CS|TAMS 0x00000000ed000000, 0x00000000ed000000| Complete 
| 209|0x00000000ed100000, 0x00000000ed200000, 0x00000000ed200000|100%| E|CS|TAMS 0x00000000ed100000, 0x00000000ed100000| Complete 
| 210|0x00000000ed200000, 0x00000000ed300000, 0x00000000ed300000|100%| E|CS|TAMS 0x00000000ed200000, 0x00000000ed200000| Complete 
| 211|0x00000000ed300000, 0x00000000ed400000, 0x00000000ed400000|100%| E|CS|TAMS 0x00000000ed300000, 0x00000000ed300000| Complete 
| 212|0x00000000ed400000, 0x00000000ed500000, 0x00000000ed500000|100%| E|CS|TAMS 0x00000000ed400000, 0x00000000ed400000| Complete 
| 213|0x00000000ed500000, 0x00000000ed600000, 0x00000000ed600000|100%| E|CS|TAMS 0x00000000ed500000, 0x00000000ed500000| Complete 
| 214|0x00000000ed600000, 0x00000000ed700000, 0x00000000ed700000|100%| E|CS|TAMS 0x00000000ed600000, 0x00000000ed600000| Complete 
| 215|0x00000000ed700000, 0x00000000ed800000, 0x00000000ed800000|100%| E|CS|TAMS 0x00000000ed700000, 0x00000000ed700000| Complete 
| 216|0x00000000ed800000, 0x00000000ed900000, 0x00000000ed900000|100%| E|CS|TAMS 0x00000000ed800000, 0x00000000ed800000| Complete 
| 217|0x00000000ed900000, 0x00000000eda00000, 0x00000000eda00000|100%| E|CS|TAMS 0x00000000ed900000, 0x00000000ed900000| Complete 
| 218|0x00000000eda00000, 0x00000000edb00000, 0x00000000edb00000|100%| E|CS|TAMS 0x00000000eda00000, 0x00000000eda00000| Complete 
| 219|0x00000000edb00000, 0x00000000edc00000, 0x00000000edc00000|100%| E|CS|TAMS 0x00000000edb00000, 0x00000000edb00000| Complete 
| 220|0x00000000edc00000, 0x00000000edd00000, 0x00000000edd00000|100%| E|CS|TAMS 0x00000000edc00000, 0x00000000edc00000| Complete 
| 221|0x00000000edd00000, 0x00000000ede00000, 0x00000000ede00000|100%| E|CS|TAMS 0x00000000edd00000, 0x00000000edd00000| Complete 
| 222|0x00000000ede00000, 0x00000000edf00000, 0x00000000edf00000|100%| E|CS|TAMS 0x00000000ede00000, 0x00000000ede00000| Complete 
| 223|0x00000000edf00000, 0x00000000ee000000, 0x00000000ee000000|100%| E|CS|TAMS 0x00000000edf00000, 0x00000000edf00000| Complete 
| 224|0x00000000ee000000, 0x00000000ee100000, 0x00000000ee100000|100%| E|CS|TAMS 0x00000000ee000000, 0x00000000ee000000| Complete 
| 225|0x00000000ee100000, 0x00000000ee200000, 0x00000000ee200000|100%| E|CS|TAMS 0x00000000ee100000, 0x00000000ee100000| Complete 
| 226|0x00000000ee200000, 0x00000000ee300000, 0x00000000ee300000|100%| E|CS|TAMS 0x00000000ee200000, 0x00000000ee200000| Complete 
| 227|0x00000000ee300000, 0x00000000ee400000, 0x00000000ee400000|100%| E|CS|TAMS 0x00000000ee300000, 0x00000000ee300000| Complete 
| 228|0x00000000ee400000, 0x00000000ee500000, 0x00000000ee500000|100%| E|CS|TAMS 0x00000000ee400000, 0x00000000ee400000| Complete 
| 229|0x00000000ee500000, 0x00000000ee600000, 0x00000000ee600000|100%| E|CS|TAMS 0x00000000ee500000, 0x00000000ee500000| Complete 
| 230|0x00000000ee600000, 0x00000000ee700000, 0x00000000ee700000|100%| E|CS|TAMS 0x00000000ee600000, 0x00000000ee600000| Complete 
| 231|0x00000000ee700000, 0x00000000ee800000, 0x00000000ee800000|100%| E|CS|TAMS 0x00000000ee700000, 0x00000000ee700000| Complete 
| 232|0x00000000ee800000, 0x00000000ee900000, 0x00000000ee900000|100%| E|CS|TAMS 0x00000000ee800000, 0x00000000ee800000| Complete 
| 233|0x00000000ee900000, 0x00000000eea00000, 0x00000000eea00000|100%| E|CS|TAMS 0x00000000ee900000, 0x00000000ee900000| Complete 
| 234|0x00000000eea00000, 0x00000000eeb00000, 0x00000000eeb00000|100%| E|CS|TAMS 0x00000000eea00000, 0x00000000eea00000| Complete 
| 235|0x00000000eeb00000, 0x00000000eec00000, 0x00000000eec00000|100%| E|CS|TAMS 0x00000000eeb00000, 0x00000000eeb00000| Complete 
| 236|0x00000000eec00000, 0x00000000eed00000, 0x00000000eed00000|100%| E|CS|TAMS 0x00000000eec00000, 0x00000000eec00000| Complete 
| 237|0x00000000eed00000, 0x00000000eee00000, 0x00000000eee00000|100%| E|CS|TAMS 0x00000000eed00000, 0x00000000eed00000| Complete 
| 238|0x00000000eee00000, 0x00000000eef00000, 0x00000000eef00000|100%| E|CS|TAMS 0x00000000eee00000, 0x00000000eee00000| Complete 
| 239|0x00000000eef00000, 0x00000000ef000000, 0x00000000ef000000|100%| E|CS|TAMS 0x00000000eef00000, 0x00000000eef00000| Complete 
| 240|0x00000000ef000000, 0x00000000ef100000, 0x00000000ef100000|100%| E|CS|TAMS 0x00000000ef000000, 0x00000000ef000000| Complete 
| 241|0x00000000ef100000, 0x00000000ef200000, 0x00000000ef200000|100%| E|CS|TAMS 0x00000000ef100000, 0x00000000ef100000| Complete 
| 242|0x00000000ef200000, 0x00000000ef300000, 0x00000000ef300000|100%| E|CS|TAMS 0x00000000ef200000, 0x00000000ef200000| Complete 
| 243|0x00000000ef300000, 0x00000000ef400000, 0x00000000ef400000|100%| E|CS|TAMS 0x00000000ef300000, 0x00000000ef300000| Complete 
| 244|0x00000000ef400000, 0x00000000ef500000, 0x00000000ef500000|100%| E|CS|TAMS 0x00000000ef400000, 0x00000000ef400000| Complete 
| 245|0x00000000ef500000, 0x00000000ef600000, 0x00000000ef600000|100%| E|CS|TAMS 0x00000000ef500000, 0x00000000ef500000| Complete 
| 246|0x00000000ef600000, 0x00000000ef700000, 0x00000000ef700000|100%| E|CS|TAMS 0x00000000ef600000, 0x00000000ef600000| Complete 
| 247|0x00000000ef700000, 0x00000000ef800000, 0x00000000ef800000|100%| E|CS|TAMS 0x00000000ef700000, 0x00000000ef700000| Complete 
| 248|0x00000000ef800000, 0x00000000ef900000, 0x00000000ef900000|100%| E|CS|TAMS 0x00000000ef800000, 0x00000000ef800000| Complete 
| 249|0x00000000ef900000, 0x00000000efa00000, 0x00000000efa00000|100%| E|CS|TAMS 0x00000000ef900000, 0x00000000ef900000| Complete 
| 250|0x00000000efa00000, 0x00000000efb00000, 0x00000000efb00000|100%| E|CS|TAMS 0x00000000efa00000, 0x00000000efa00000| Complete 
| 251|0x00000000efb00000, 0x00000000efc00000, 0x00000000efc00000|100%| E|CS|TAMS 0x00000000efb00000, 0x00000000efb00000| Complete 
| 252|0x00000000efc00000, 0x00000000efd00000, 0x00000000efd00000|100%| E|CS|TAMS 0x00000000efc00000, 0x00000000efc00000| Complete 
| 253|0x00000000efd00000, 0x00000000efe00000, 0x00000000efe00000|100%| E|CS|TAMS 0x00000000efd00000, 0x00000000efd00000| Complete 
| 254|0x00000000efe00000, 0x00000000eff00000, 0x00000000eff00000|100%| E|CS|TAMS 0x00000000efe00000, 0x00000000efe00000| Complete 
| 255|0x00000000eff00000, 0x00000000f0000000, 0x00000000f0000000|100%| E|CS|TAMS 0x00000000eff00000, 0x00000000eff00000| Complete 

Card table byte_map: [0x0000018b3c010000,0x0000018b3c110000] _byte_map_base: 0x0000018b3b910000

Marking Bits (Prev, Next): (CMBitMap*) 0x0000018b3c34f190, (CMBitMap*) 0x0000018b3c34f150
 Prev Bits: [0x0000018b54040000, 0x0000018b54840000)
 Next Bits: [0x0000018b53840000, 0x0000018b54040000)

Polling page: 0x0000018b3a1e0000

Metaspace:

Usage:
  Non-class:     66.27 MB capacity,    65.09 MB ( 98%) used,     1.05 MB (  2%) free+waste,   128.38 KB ( <1%) overhead. 
      Class:     10.09 MB capacity,     9.53 MB ( 94%) used,   519.01 KB (  5%) free+waste,    55.06 KB ( <1%) overhead. 
       Both:     76.36 MB capacity,    74.62 MB ( 98%) used,     1.56 MB (  2%) free+waste,   183.44 KB ( <1%) overhead. 

Virtual space:
  Non-class space:       68.00 MB reserved,      66.42 MB ( 98%) committed 
      Class space:      248.00 MB reserved,      10.13 MB (  4%) committed 
             Both:      316.00 MB reserved,      76.55 MB ( 24%) committed 

Chunk freelists:
   Non-Class:  32.00 KB
       Class:  0 bytes
        Both:  32.00 KB

MaxMetaspaceSize: 256.00 MB
CompressedClassSpaceSize: 248.00 MB

CodeHeap 'non-profiled nmethods': size=120064Kb used=9015Kb max_used=9015Kb free=111048Kb
 bounds [0x0000018b4c300000, 0x0000018b4cbd0000, 0x0000018b53840000]
CodeHeap 'profiled nmethods': size=120000Kb used=20806Kb max_used=20806Kb free=99193Kb
 bounds [0x0000018b44dd0000, 0x0000018b46230000, 0x0000018b4c300000]
CodeHeap 'non-nmethods': size=5696Kb used=2412Kb max_used=2523Kb free=3283Kb
 bounds [0x0000018b44840000, 0x0000018b44ad0000, 0x0000018b44dd0000]
 total_blobs=11867 nmethods=10955 adapters=824
 compilation: enabled
              stopped_count=0, restarted_count=0
 full_count=0

Compilation events (20 events):
Event: 178.898 Thread 0x0000018b56beb060 13431       4       com.google.common.collect.ComparisonChain$InactiveComparisonChain::compare (2 bytes)
Event: 178.898 Thread 0x0000018b56beb060 nmethod 13431 0x0000018b4cbcd290 code [0x0000018b4cbcd400, 0x0000018b4cbcd458]
Event: 178.898 Thread 0x0000018b56beb060 13433       4       java.util.TreeSet::comparator (10 bytes)
Event: 178.899 Thread 0x0000018b56beb060 nmethod 13433 0x0000018b4cbcd590 code [0x0000018b4cbcd700, 0x0000018b4cbcd798]
Event: 178.927 Thread 0x0000018b56bf2f60 13550       3       org.gradle.internal.snapshot.RelativePathTracker::enter (26 bytes)
Event: 178.927 Thread 0x0000018b56beb060 13551       4       java.util.ArrayDeque::inc (12 bytes)
Event: 178.927 Thread 0x0000018b56bf2f60 nmethod 13550 0x0000018b4621e390 code [0x0000018b4621e540, 0x0000018b4621e7c8]
Event: 178.927 Thread 0x0000018b56bf2f60 13552       3       org.gradle.internal.snapshot.RelativePathTracker::leave (29 bytes)
Event: 178.927 Thread 0x0000018b56beb060 nmethod 13551 0x0000018b4cbcd890 code [0x0000018b4cbcda00, 0x0000018b4cbcda58]
Event: 178.927 Thread 0x0000018b56bf2f60 nmethod 13552 0x0000018b4621e890 code [0x0000018b4621ea40, 0x0000018b4621ed88]
Event: 178.928 Thread 0x0000018b56bf2f60 13553       3       java.util.ArrayDeque::nonNullElementAt (18 bytes)
Event: 178.928 Thread 0x0000018b56bf2f60 nmethod 13553 0x0000018b4621ee90 code [0x0000018b4621f040, 0x0000018b4621f248]
Event: 178.928 Thread 0x0000018b56bf2f60 13555       3       com.google.common.collect.MapMakerInternalMap$Segment::getFirst (21 bytes)
Event: 178.929 Thread 0x0000018b56bf2f60 nmethod 13555 0x0000018b4621f390 code [0x0000018b4621f600, 0x0000018b46220268]
Event: 178.930 Thread 0x0000018b56bf2f60 13554       3       java.util.ArrayDeque$DeqIterator::hasNext (13 bytes)
Event: 178.930 Thread 0x0000018b56bf2f60 nmethod 13554 0x0000018b46220690 code [0x0000018b46220820, 0x0000018b46220978]
Event: 178.930 Thread 0x0000018b56bf2f60 13556       3       java.util.ArrayDeque$DeqIterator::next (62 bytes)
Event: 178.930 Thread 0x0000018b56bf2f60 nmethod 13556 0x0000018b46220a10 code [0x0000018b46220c00, 0x0000018b46221078]
Event: 178.933 Thread 0x0000018b56bf2f60 13557       1       org.gradle.internal.snapshot.AbstractListChildMap$1::getChildMap (5 bytes)
Event: 178.933 Thread 0x0000018b56bf2f60 nmethod 13557 0x0000018b4cbcdb90 code [0x0000018b4cbcdd20, 0x0000018b4cbcddd8]

GC Heap History (20 events):
Event: 69.981 GC heap before
{Heap before GC invocations=32 (full 0):
 garbage-first heap   total 262144K, used 223619K [0x00000000e0000000, 0x0000000100000000)
  region size 1024K, 149 young (152576K), 11 survivors (11264K)
 Metaspace       used 63955K, capacity 65146K, committed 65200K, reserved 311296K
  class space    used 8258K, capacity 8669K, committed 8704K, reserved 253952K
}
Event: 69.994 GC heap after
{Heap after GC invocations=33 (full 0):
 garbage-first heap   total 262144K, used 83535K [0x00000000e0000000, 0x0000000100000000)
  region size 1024K, 10 young (10240K), 10 survivors (10240K)
 Metaspace       used 63955K, capacity 65146K, committed 65200K, reserved 311296K
  class space    used 8258K, capacity 8669K, committed 8704K, reserved 253952K
}
Event: 70.885 GC heap before
{Heap before GC invocations=33 (full 0):
 garbage-first heap   total 262144K, used 224847K [0x00000000e0000000, 0x0000000100000000)
  region size 1024K, 148 young (151552K), 10 survivors (10240K)
 Metaspace       used 63955K, capacity 65146K, committed 65200K, reserved 311296K
  class space    used 8258K, capacity 8669K, committed 8704K, reserved 253952K
}
Event: 70.898 GC heap after
{Heap after GC invocations=34 (full 0):
 garbage-first heap   total 262144K, used 85257K [0x00000000e0000000, 0x0000000100000000)
  region size 1024K, 11 young (11264K), 11 survivors (11264K)
 Metaspace       used 63955K, capacity 65146K, committed 65200K, reserved 311296K
  class space    used 8258K, capacity 8669K, committed 8704K, reserved 253952K
}
Event: 80.909 GC heap before
{Heap before GC invocations=34 (full 0):
 garbage-first heap   total 262144K, used 223497K [0x00000000e0000000, 0x0000000100000000)
  region size 1024K, 146 young (149504K), 11 survivors (11264K)
 Metaspace       used 63979K, capacity 65152K, committed 65200K, reserved 311296K
  class space    used 8259K, capacity 8670K, committed 8704K, reserved 253952K
}
Event: 80.912 GC heap after
{Heap after GC invocations=35 (full 0):
 garbage-first heap   total 262144K, used 71658K [0x00000000e0000000, 0x0000000100000000)
  region size 1024K, 2 young (2048K), 2 survivors (2048K)
 Metaspace       used 63979K, capacity 65152K, committed 65200K, reserved 311296K
  class space    used 8259K, capacity 8670K, committed 8704K, reserved 253952K
}
Event: 81.593 GC heap before
{Heap before GC invocations=35 (full 0):
 garbage-first heap   total 262144K, used 231402K [0x00000000e0000000, 0x0000000100000000)
  region size 1024K, 153 young (156672K), 2 survivors (2048K)
 Metaspace       used 63982K, capacity 65152K, committed 65200K, reserved 311296K
  class space    used 8259K, capacity 8670K, committed 8704K, reserved 253952K
}
Event: 81.598 GC heap after
{Heap after GC invocations=36 (full 0):
 garbage-first heap   total 262144K, used 79195K [0x00000000e0000000, 0x0000000100000000)
  region size 1024K, 5 young (5120K), 5 survivors (5120K)
 Metaspace       used 63982K, capacity 65152K, committed 65200K, reserved 311296K
  class space    used 8259K, capacity 8670K, committed 8704K, reserved 253952K
}
Event: 82.249 GC heap before
{Heap before GC invocations=36 (full 0):
 garbage-first heap   total 262144K, used 229723K [0x00000000e0000000, 0x0000000100000000)
  region size 1024K, 152 young (155648K), 5 survivors (5120K)
 Metaspace       used 63985K, capacity 65152K, committed 65200K, reserved 311296K
  class space    used 8259K, capacity 8670K, committed 8704K, reserved 253952K
}
Event: 82.255 GC heap after
{Heap after GC invocations=37 (full 0):
 garbage-first heap   total 262144K, used 81854K [0x00000000e0000000, 0x0000000100000000)
  region size 1024K, 7 young (7168K), 7 survivors (7168K)
 Metaspace       used 63985K, capacity 65152K, committed 65200K, reserved 311296K
  class space    used 8259K, capacity 8670K, committed 8704K, reserved 253952K
}
Event: 82.849 GC heap before
{Heap before GC invocations=37 (full 0):
 garbage-first heap   total 262144K, used 228286K [0x00000000e0000000, 0x0000000100000000)
  region size 1024K, 150 young (153600K), 7 survivors (7168K)
 Metaspace       used 63985K, capacity 65152K, committed 65200K, reserved 311296K
  class space    used 8259K, capacity 8670K, committed 8704K, reserved 253952K
}
Event: 82.857 GC heap after
{Heap after GC invocations=38 (full 0):
 garbage-first heap   total 262144K, used 83822K [0x00000000e0000000, 0x0000000100000000)
  region size 1024K, 9 young (9216K), 9 survivors (9216K)
 Metaspace       used 63985K, capacity 65152K, committed 65200K, reserved 311296K
  class space    used 8259K, capacity 8670K, committed 8704K, reserved 253952K
}
Event: 84.214 GC heap before
{Heap before GC invocations=38 (full 0):
 garbage-first heap   total 262144K, used 231278K [0x00000000e0000000, 0x0000000100000000)
  region size 1024K, 148 young (151552K), 9 survivors (9216K)
 Metaspace       used 64278K, capacity 65554K, committed 65840K, reserved 311296K
  class space    used 8278K, capacity 8716K, committed 8832K, reserved 253952K
}
Event: 84.220 GC heap after
{Heap after GC invocations=39 (full 0):
 garbage-first heap   total 262144K, used 78826K [0x00000000e0000000, 0x0000000100000000)
  region size 1024K, 4 young (4096K), 4 survivors (4096K)
 Metaspace       used 64278K, capacity 65554K, committed 65840K, reserved 311296K
  class space    used 8278K, capacity 8716K, committed 8832K, reserved 253952K
}
Event: 98.045 GC heap before
{Heap before GC invocations=39 (full 0):
 garbage-first heap   total 262144K, used 236522K [0x00000000e0000000, 0x0000000100000000)
  region size 1024K, 150 young (153600K), 4 survivors (4096K)
 Metaspace       used 71637K, capacity 73128K, committed 73264K, reserved 317440K
  class space    used 9227K, capacity 9734K, committed 9856K, reserved 253952K
}
Event: 98.066 GC heap after
{Heap after GC invocations=40 (full 0):
 garbage-first heap   total 262144K, used 97258K [0x00000000e0000000, 0x0000000100000000)
  region size 1024K, 13 young (13312K), 13 survivors (13312K)
 Metaspace       used 71637K, capacity 73128K, committed 73264K, reserved 317440K
  class space    used 9227K, capacity 9734K, committed 9856K, reserved 253952K
}
Event: 171.976 GC heap before
{Heap before GC invocations=40 (full 0):
 garbage-first heap   total 262144K, used 222186K [0x00000000e0000000, 0x0000000100000000)
  region size 1024K, 135 young (138240K), 13 survivors (13312K)
 Metaspace       used 75221K, capacity 76833K, committed 76976K, reserved 321536K
  class space    used 9643K, capacity 10185K, committed 10240K, reserved 253952K
}
Event: 172.109 GC heap after
{Heap after GC invocations=41 (full 0):
 garbage-first heap   total 262144K, used 102145K [0x00000000e0000000, 0x0000000100000000)
  region size 1024K, 5 young (5120K), 5 survivors (5120K)
 Metaspace       used 75221K, capacity 76833K, committed 76976K, reserved 321536K
  class space    used 9643K, capacity 10185K, committed 10240K, reserved 253952K
}
Event: 176.262 GC heap before
{Heap before GC invocations=41 (full 0):
 garbage-first heap   total 262144K, used 222977K [0x00000000e0000000, 0x0000000100000000)
  region size 1024K, 123 young (125952K), 5 survivors (5120K)
 Metaspace       used 76260K, capacity 77965K, committed 78128K, reserved 323584K
  class space    used 9743K, capacity 10303K, committed 10368K, reserved 253952K
}
Event: 176.305 GC heap after
{Heap after GC invocations=42 (full 0):
 garbage-first heap   total 262144K, used 107265K [0x00000000e0000000, 0x0000000100000000)
  region size 1024K, 10 young (10240K), 10 survivors (10240K)
 Metaspace       used 76260K, capacity 77965K, committed 78128K, reserved 323584K
  class space    used 9743K, capacity 10303K, committed 10368K, reserved 253952K
}

Deoptimization events (20 events):
Event: 177.374 Thread 0x0000018b58374c80 DEOPT PACKING pc=0x0000018b461ecc66 sp=0x0000003ca4cf83b0
Event: 177.374 Thread 0x0000018b58374c80 DEOPT UNPACKING pc=0x0000018b4488df30 sp=0x0000003ca4cf7ae0 mode 0
Event: 177.378 Thread 0x0000018b58374c80 DEOPT PACKING pc=0x0000018b461ede89 sp=0x0000003ca4cf83b0
Event: 177.378 Thread 0x0000018b58374c80 DEOPT UNPACKING pc=0x0000018b4488df30 sp=0x0000003ca4cf7ae0 mode 0
Event: 177.380 Thread 0x0000018b58374c80 DEOPT PACKING pc=0x0000018b461add17 sp=0x0000003ca4cf8890
Event: 177.380 Thread 0x0000018b58374c80 DEOPT UNPACKING pc=0x0000018b4488df30 sp=0x0000003ca4cf7d40 mode 0
Event: 177.387 Thread 0x0000018b58374c80 DEOPT PACKING pc=0x0000018b461ecc66 sp=0x0000003ca4cf83b0
Event: 177.387 Thread 0x0000018b58374c80 DEOPT UNPACKING pc=0x0000018b4488df30 sp=0x0000003ca4cf7ae0 mode 0
Event: 177.392 Thread 0x0000018b58374c80 DEOPT PACKING pc=0x0000018b461ede89 sp=0x0000003ca4cf83b0
Event: 177.392 Thread 0x0000018b58374c80 DEOPT UNPACKING pc=0x0000018b4488df30 sp=0x0000003ca4cf7ae0 mode 0
Event: 177.398 Thread 0x0000018b58374c80 DEOPT PACKING pc=0x0000018b461ede89 sp=0x0000003ca4cf81f0
Event: 177.398 Thread 0x0000018b58374c80 DEOPT UNPACKING pc=0x0000018b4488df30 sp=0x0000003ca4cf7920 mode 0
Event: 178.739 Thread 0x0000018b58374c80 Uncommon trap: trap_request=0xffffff45 fr.pc=0x0000018b4c35f920 relative=0x0000000000000560
Event: 178.739 Thread 0x0000018b58374c80 Uncommon trap: reason=unstable_if action=reinterpret pc=0x0000018b4c35f920 method=java.lang.StringLatin1.compareToCI([B[B)I @ 68 c2
Event: 178.740 Thread 0x0000018b58374c80 DEOPT PACKING pc=0x0000018b4c35f920 sp=0x0000003ca4cf6fc0
Event: 178.740 Thread 0x0000018b58374c80 DEOPT UNPACKING pc=0x0000018b4488e129 sp=0x0000003ca4cf6eb0 mode 2
Event: 178.740 Thread 0x0000018b58374c80 Uncommon trap: trap_request=0xffffff45 fr.pc=0x0000018b4c35ddb8 relative=0x00000000000004f8
Event: 178.740 Thread 0x0000018b58374c80 Uncommon trap: reason=unstable_if action=reinterpret pc=0x0000018b4c35ddb8 method=java.lang.StringLatin1.compareToCI([B[B)I @ 68 c2
Event: 178.740 Thread 0x0000018b58374c80 DEOPT PACKING pc=0x0000018b4c35ddb8 sp=0x0000003ca4cf6f20
Event: 178.740 Thread 0x0000018b58374c80 DEOPT UNPACKING pc=0x0000018b4488e129 sp=0x0000003ca4cf6ea8 mode 2

Classes unloaded (0 events):
No events

Classes redefined (0 events):
No events

Internal exceptions (20 events):
Event: 173.347 Thread 0x0000018b5b16d040 Exception <a 'sun/nio/fs/WindowsException'{0x00000000ea6b72a0}> (0x00000000ea6b72a0) 
thrown [./src/hotspot/share/prims/jni.cpp, line 578]
Event: 173.901 Thread 0x0000018b58374c80 Implicit null exception at 0x0000018b4ca3742b to 0x0000018b4ca37df4
Event: 174.499 Thread 0x0000018b58374c80 Implicit null exception at 0x0000018b4cb27e20 to 0x0000018b4cb28238
Event: 174.825 Thread 0x0000018b5b16c1d0 Exception <a 'sun/nio/fs/WindowsException'{0x00000000e9a4ecb0}> (0x00000000e9a4ecb0) 
thrown [./src/hotspot/share/prims/jni.cpp, line 578]
Event: 174.913 Thread 0x0000018b5b16c1d0 Exception <a 'sun/nio/fs/WindowsException'{0x00000000e93a7d68}> (0x00000000e93a7d68) 
thrown [./src/hotspot/share/prims/jni.cpp, line 578]
Event: 174.960 Thread 0x0000018b5b16c1d0 Exception <a 'sun/nio/fs/WindowsException'{0x00000000e93a7ee0}> (0x00000000e93a7ee0) 
thrown [./src/hotspot/share/prims/jni.cpp, line 578]
Event: 174.992 Thread 0x0000018b58374c80 Exception <a 'java/lang/ClassNotFoundException'{0x00000000e9241ef0}: ijresolvers_8lqx1lb9cey5ywmvczej7esjrBeanInfo> (0x00000000e9241ef0) 
thrown [./src/hotspot/share/classfile/systemDictionary.cpp, line 295]
Event: 174.993 Thread 0x0000018b58374c80 Exception <a 'java/lang/ClassNotFoundException'{0x00000000e9247a60}: ijresolvers_8lqx1lb9cey5ywmvczej7esjrCustomizer> (0x00000000e9247a60) 
thrown [./src/hotspot/share/classfile/systemDictionary.cpp, line 295]
Event: 175.000 Thread 0x0000018b58374c80 Exception <a 'java/lang/ClassNotFoundException'{0x00000000e928dbf8}: org/gradle/execution/taskgraph/DefaultTaskExecutionGraphBeanInfo> (0x00000000e928dbf8) 
thrown [./src/hotspot/share/classfile/systemDictionary.cpp, line 295]
Event: 175.001 Thread 0x0000018b58374c80 Exception <a 'java/lang/ClassNotFoundException'{0x00000000e929a3b8}: org/gradle/execution/taskgraph/DefaultTaskExecutionGraphCustomizer> (0x00000000e929a3b8) 
thrown [./src/hotspot/share/classfile/systemDictionary.cpp, line 295]
Event: 175.306 Thread 0x0000018b58374c80 Exception <a 'sun/nio/fs/WindowsException'{0x00000000e8e0acd0}> (0x00000000e8e0acd0) 
thrown [./src/hotspot/share/prims/jni.cpp, line 578]
Event: 175.306 Thread 0x0000018b58374c80 Exception <a 'sun/nio/fs/WindowsException'{0x00000000e8e0aff0}> (0x00000000e8e0aff0) 
thrown [./src/hotspot/share/prims/jni.cpp, line 578]
Event: 175.384 Thread 0x0000018b58374c80 Exception <a 'java/lang/NoSuchMethodError'{0x00000000e8e95218}: 'int java.lang.invoke.DirectMethodHandle$Holder.invokeInterface(java.lang.Object, java.lang.Object, java.lang.Object, java.lang.Object)'> (0x00000000e8e95218) 
thrown [./src/hotspot/share/interpreter/linkResolver.cpp, line 782]
Event: 176.233 Thread 0x0000018b58374c80 Implicit null exception at 0x0000018b4c680e46 to 0x0000018b4c682dcc
Event: 176.233 Thread 0x0000018b58374c80 Implicit null exception at 0x0000018b4c8d7bb4 to 0x0000018b4c8d96dc
Event: 176.233 Thread 0x0000018b58374c80 Implicit null exception at 0x0000018b4c68def5 to 0x0000018b4c68f33c
Event: 176.233 Thread 0x0000018b58374c80 Implicit null exception at 0x0000018b4c446070 to 0x0000018b4c446138
Event: 176.234 Thread 0x0000018b58374c80 Implicit null exception at 0x0000018b4c8766a0 to 0x0000018b4c878f90
Event: 176.234 Thread 0x0000018b58374c80 Implicit null exception at 0x0000018b4c86abd0 to 0x0000018b4c86ac0e
Event: 176.260 Thread 0x0000018b58374c80 Implicit null exception at 0x0000018b4c7bcfa0 to 0x0000018b4c7bddd8

Events (20 events):
Event: 175.946 Thread 0x0000018b575b0040 flushing nmethod 0x0000018b45a09d10
Event: 175.946 Thread 0x0000018b575b0040 flushing nmethod 0x0000018b45a1e410
Event: 175.946 Thread 0x0000018b575b0040 flushing nmethod 0x0000018b45a47690
Event: 175.946 Thread 0x0000018b575b0040 flushing nmethod 0x0000018b45a4b210
Event: 175.946 Thread 0x0000018b575b0040 flushing nmethod 0x0000018b45a50d90
Event: 175.948 Thread 0x0000018b575b0040 flushing nmethod 0x0000018b45bef710
Event: 176.010 loading class java/nio/file/FileTreeWalker$1
Event: 176.010 loading class java/nio/file/FileTreeWalker$1 done
Event: 176.019 Executing VM operation: HandshakeAllThreads
Event: 176.019 Executing VM operation: HandshakeAllThreads done
Event: 176.080 loading class java/util/stream/ReferencePipeline$11
Event: 176.080 loading class java/util/stream/ReferencePipeline$11 done
Event: 176.081 loading class java/util/stream/ReferencePipeline$11$1
Event: 176.081 loading class java/util/stream/ReferencePipeline$11$1 done
Event: 176.204 Executing VM operation: HandshakeAllThreads
Event: 176.204 Executing VM operation: HandshakeAllThreads done
Event: 176.207 Executing VM operation: HandshakeAllThreads
Event: 176.207 Executing VM operation: HandshakeAllThreads done
Event: 176.262 Executing VM operation: G1CollectForAllocation
Event: 176.309 Executing VM operation: G1CollectForAllocation done


Dynamic libraries:
0x00007ff6c47e0000 - 0x00007ff6c47ed000 	C:\Users\buscsimo\.jdks\corretto-15.0.2\bin\java.exe
0x00007fff2cd50000 - 0x00007fff2cf45000 	C:\Windows\SYSTEM32\ntdll.dll
0x00007fff2aee0000 - 0x00007fff2af9d000 	C:\Windows\System32\KERNEL32.DLL
0x00007fff2a560000 - 0x00007fff2a827000 	C:\Windows\System32\KERNELBASE.dll
0x00007fff2a9f0000 - 0x00007fff2aaf0000 	C:\Windows\System32\ucrtbase.dll
0x00007fff11510000 - 0x00007fff11528000 	C:\Users\buscsimo\.jdks\corretto-15.0.2\bin\jli.dll
0x00007fff2c690000 - 0x00007fff2c830000 	C:\Windows\System32\USER32.dll
0x00007fff2a9c0000 - 0x00007fff2a9e2000 	C:\Windows\System32\win32u.dll
0x00007fff2adb0000 - 0x00007fff2adda000 	C:\Windows\System32\GDI32.dll
0x00007fff114f0000 - 0x00007fff11505000 	C:\Users\buscsimo\.jdks\corretto-15.0.2\bin\VCRUNTIME140.dll
0x00007fff2aba0000 - 0x00007fff2aca9000 	C:\Windows\System32\gdi32full.dll
0x00007fff2acb0000 - 0x00007fff2ad4d000 	C:\Windows\System32\msvcp_win.dll
0x00007fff0b400000 - 0x00007fff0b69b000 	C:\Windows\WinSxS\amd64_microsoft.windows.common-controls_6595b64144ccf1df_6.0.19041.488_none_ca04af081b815d21\COMCTL32.dll
0x00007fff2b6f0000 - 0x00007fff2b78e000 	C:\Windows\System32\msvcrt.dll
0x00007fff2ba60000 - 0x00007fff2ba90000 	C:\Windows\System32\IMM32.DLL
0x00007ffee4c60000 - 0x00007ffee4cfb000 	C:\Users\buscsimo\.jdks\corretto-15.0.2\bin\msvcp140.dll
0x00007ffec7df0000 - 0x00007ffec8981000 	C:\Users\buscsimo\.jdks\corretto-15.0.2\bin\server\jvm.dll
0x00007fff2b790000 - 0x00007fff2b83a000 	C:\Windows\System32\ADVAPI32.dll
0x00007fff2c5f0000 - 0x00007fff2c68b000 	C:\Windows\System32\sechost.dll
0x00007fff2b930000 - 0x00007fff2ba54000 	C:\Windows\System32\RPCRT4.dll
0x00007fff2c830000 - 0x00007fff2c838000 	C:\Windows\System32\PSAPI.DLL
0x00007ffef9930000 - 0x00007ffef9939000 	C:\Windows\SYSTEM32\WSOCK32.dll
0x00007fff1a520000 - 0x00007fff1a547000 	C:\Windows\SYSTEM32\WINMM.dll
0x00007fff2ae70000 - 0x00007fff2aedb000 	C:\Windows\System32\WS2_32.dll
0x00007fff21a80000 - 0x00007fff21a8a000 	C:\Windows\SYSTEM32\VERSION.dll
0x00007fff28410000 - 0x00007fff28423000 	C:\Windows\SYSTEM32\kernel.appcore.dll
0x00007fff114e0000 - 0x00007fff114ea000 	C:\Users\buscsimo\.jdks\corretto-15.0.2\bin\jimage.dll
0x00007fff273d0000 - 0x00007fff275b4000 	C:\Windows\SYSTEM32\DBGHELP.DLL
0x00007fff27d40000 - 0x00007fff27d6c000 	C:\Windows\SYSTEM32\dbgcore.DLL
0x00007fff2a490000 - 0x00007fff2a50f000 	C:\Windows\System32\bcryptPrimitives.dll
0x00007fff114b0000 - 0x00007fff114d5000 	C:\Users\buscsimo\.jdks\corretto-15.0.2\bin\java.dll
0x00007fff2afa0000 - 0x00007fff2b6e1000 	C:\Windows\System32\SHELL32.dll
0x00007fff28610000 - 0x00007fff28da3000 	C:\Windows\SYSTEM32\windows.storage.dll
0x00007fff2c050000 - 0x00007fff2c3a5000 	C:\Windows\System32\combase.dll
0x00007fff29f00000 - 0x00007fff29f2c000 	C:\Windows\SYSTEM32\Wldp.dll
0x00007fff2c540000 - 0x00007fff2c5ee000 	C:\Windows\System32\SHCORE.dll
0x00007fff2c4e0000 - 0x00007fff2c535000 	C:\Windows\System32\shlwapi.dll
0x00007fff2a3c0000 - 0x00007fff2a3e6000 	C:\Windows\SYSTEM32\profapi.dll
0x00007ffefac20000 - 0x00007ffefac39000 	C:\Users\buscsimo\.jdks\corretto-15.0.2\bin\net.dll
0x00007fff1bda0000 - 0x00007fff1bea0000 	C:\Windows\SYSTEM32\WINHTTP.dll
0x00007fff29c80000 - 0x00007fff29cea000 	C:\Windows\system32\mswsock.dll
0x00007ffefa450000 - 0x00007ffefa462000 	C:\Users\buscsimo\.jdks\corretto-15.0.2\bin\nio.dll
0x00007ffefa430000 - 0x00007ffefa448000 	C:\Users\buscsimo\.jdks\corretto-15.0.2\bin\zip.dll
0x00007fff114a0000 - 0x00007fff114b0000 	C:\Users\buscsimo\.jdks\corretto-15.0.2\bin\verify.dll
0x00007ffece650000 - 0x00007ffece677000 	C:\Users\buscsimo\.gradle\native\49d0259a56938c7f99b2704e745ce422c4f750a7a20b539a32ccef96729676b1\windows-amd64\native-platform.dll
0x00007ffeca480000 - 0x00007ffeca616000 	C:\Users\buscsimo\.gradle\native\12488b8bf47d2d4c9fbf2f6322a914ad602e24e48041cd04a747c6da556b65c4\windows-amd64\native-platform-file-events.dll
0x00007fff0f590000 - 0x00007fff0f599000 	C:\Users\buscsimo\.jdks\corretto-15.0.2\bin\management.dll
0x00007ffefc900000 - 0x00007ffefc90b000 	C:\Users\buscsimo\.jdks\corretto-15.0.2\bin\management_ext.dll
0x00007fff29e50000 - 0x00007fff29e68000 	C:\Windows\SYSTEM32\CRYPTSP.dll
0x00007fff295a0000 - 0x00007fff295d4000 	C:\Windows\system32\rsaenh.dll
0x00007fff2a830000 - 0x00007fff2a857000 	C:\Windows\System32\bcrypt.dll
0x00007fff2a340000 - 0x00007fff2a36e000 	C:\Windows\SYSTEM32\USERENV.dll
0x00007fff29e70000 - 0x00007fff29e7c000 	C:\Windows\SYSTEM32\CRYPTBASE.dll
0x00007fff29920000 - 0x00007fff2995b000 	C:\Windows\SYSTEM32\IPHLPAPI.DLL
0x00007fff2ae60000 - 0x00007fff2ae69000 	C:\Windows\System32\NSI.dll
0x00007fff230f0000 - 0x00007fff23107000 	C:\Windows\SYSTEM32\dhcpcsvc6.DLL
0x00007fff230d0000 - 0x00007fff230ed000 	C:\Windows\SYSTEM32\dhcpcsvc.DLL
0x00007fff29960000 - 0x00007fff29a2b000 	C:\Windows\SYSTEM32\DNSAPI.dll
0x00007ffefa060000 - 0x00007ffefa06e000 	C:\Users\buscsimo\.jdks\corretto-15.0.2\bin\sunmscapi.dll
0x00007fff2a860000 - 0x00007fff2a9bd000 	C:\Windows\System32\CRYPT32.dll
0x00007fff29f70000 - 0x00007fff29f97000 	C:\Windows\SYSTEM32\ncrypt.dll
0x00007fff29f30000 - 0x00007fff29f6b000 	C:\Windows\SYSTEM32\NTASN1.dll
0x00007fff1bae0000 - 0x00007fff1baea000 	C:\Windows\System32\rasadhlp.dll
0x00007fff23e00000 - 0x00007fff23e7f000 	C:\Windows\System32\fwpuclnt.dll

dbghelp: loaded successfully - version: 4.0.5 - missing functions: none
symbol engine: initialized successfully - sym options: 0x614 - pdb path: .;C:\Users\buscsimo\.jdks\corretto-15.0.2\bin;C:\Windows\SYSTEM32;C:\Windows\WinSxS\amd64_microsoft.windows.common-controls_6595b64144ccf1df_6.0.19041.488_none_ca04af081b815d21;C:\Users\buscsimo\.jdks\corretto-15.0.2\bin\server;C:\Users\buscsimo\.gradle\native\49d0259a56938c7f99b2704e745ce422c4f750a7a20b539a32ccef96729676b1\windows-amd64;C:\Users\buscsimo\.gradle\native\12488b8bf47d2d4c9fbf2f6322a914ad602e24e48041cd04a747c6da556b65c4\windows-amd64

VM Arguments:
jvm_args: --add-opens=java.base/java.util=ALL-UNNAMED --add-opens=java.base/java.lang=ALL-UNNAMED --add-opens=java.base/java.lang.invoke=ALL-UNNAMED --add-opens=java.base/java.util=ALL-UNNAMED --add-opens=java.prefs/java.util.prefs=ALL-UNNAMED --add-opens=java.prefs/java.util.prefs=ALL-UNNAMED --add-opens=java.base/java.nio.charset=ALL-UNNAMED --add-opens=java.base/java.net=ALL-UNNAMED --add-opens=java.base/java.util.concurrent.atomic=ALL-UNNAMED -XX:MaxMetaspaceSize=256m -XX:+HeapDumpOnOutOfMemoryError -Xms256m -Xmx512m -Dfile.encoding=windows-1252 -Duser.country=DE -Duser.language=de -Duser.variant 
java_command: org.gradle.launcher.daemon.bootstrap.GradleDaemon 7.0
java_class_path (initial): C:\Users\buscsimo\.gradle\wrapper\dists\gradle-7.0-bin\2p9ebqfz6ilrfozi676ogco7n\gradle-7.0\lib\gradle-launcher-7.0.jar
Launcher Type: SUN_STANDARD

[Global flags]
     intx CICompilerCount                          = 2                                         {product} {ergonomic}
   size_t CompressedClassSpaceSize                 = 260046848                                 {product} {ergonomic}
     uint ConcGCThreads                            = 1                                         {product} {ergonomic}
     uint G1ConcRefinementThreads                  = 2                                         {product} {ergonomic}
   size_t G1HeapRegionSize                         = 1048576                                   {product} {ergonomic}
    uintx GCDrainStackTargetSize                   = 64                                        {product} {ergonomic}
     bool HeapDumpOnOutOfMemoryError               = true                                   {manageable} {command line}
   size_t InitialHeapSize                          = 268435456                                 {product} {command line}
   size_t MarkStackSize                            = 4194304                                   {product} {ergonomic}
   size_t MaxHeapSize                              = 536870912                                 {product} {command line}
   size_t MaxMetaspaceSize                         = 268435456                                 {product} {command line}
   size_t MaxNewSize                               = 321912832                                 {product} {ergonomic}
   size_t MinHeapDeltaBytes                        = 1048576                                   {product} {ergonomic}
   size_t MinHeapSize                              = 268435456                                 {product} {command line}
    uintx NonNMethodCodeHeapSize                   = 5826188                                {pd product} {ergonomic}
    uintx NonProfiledCodeHeapSize                  = 122916026                              {pd product} {ergonomic}
    uintx ProfiledCodeHeapSize                     = 122916026                              {pd product} {ergonomic}
    uintx ReservedCodeCacheSize                    = 251658240                              {pd product} {ergonomic}
     bool SegmentedCodeCache                       = true                                      {product} {ergonomic}
   size_t SoftMaxHeapSize                          = 536870912                              {manageable} {ergonomic}
     bool UseCompressedClassPointers               = true                                 {lp64_product} {ergonomic}
     bool UseCompressedOops                        = true                                 {lp64_product} {ergonomic}
     bool UseG1GC                                  = true                                      {product} {ergonomic}
     bool UseLargePagesIndividualAllocation        = false                                  {pd product} {ergonomic}

Logging:
Log output configuration:
 #0: stdout all=warning uptime,level,tags
 #1: stderr all=off uptime,level,tags

Environment Variables:
JAVA_HOME=c:\Program Files\openJDK\openJDK1.8\
PATH=C:\Windows\system32;C:\Windows;C:\Windows\System32\Wbem;C:\Windows\System32\WindowsPowerShell\v1.0\;C:\Windows\System32\OpenSSH\;c:\Program Files (x86)\openJDK\openJDK1.8\bin;c:\Program Files (x86)\openJDK\openJDK1.8\jre\bin;C:\Program Files\Git\cmd;c:\Program Files\openJDK\openJDK1.8\bin;c:\Program Files\openJDK\openJDK1.8\jre\bin;C:\Users\buscsimo\AppData\Local\Microsoft\WindowsApps;C:\Users\buscsimo\AppData\Local\GitHubDesktop\bin
USERNAME=buscsimo
OS=Windows_NT
PROCESSOR_IDENTIFIER=Intel64 Family 6 Model 94 Stepping 3, GenuineIntel



---------------  S Y S T E M  ---------------

OS:
 Windows 10 , 64 bit Build 19041 (10.0.19041.292)
OS uptime: 0 days 0:12 hours

CPU: total 2 (initial active 2) (2 cores per cpu, 1 threads per core) family 6 model 94 stepping 3 microcode 0xcc, cmov, cx8, fxsr, mmx, sse, sse2, sse3, ssse3, sse4.1, sse4.2, popcnt, aes, clmul, erms, 3dnowpref, lzcnt, tsc, tscinvbit, clflush, clflushopt

Memory: 4k page, system-wide physical 3941M (283M free)
TotalPageFile size 7190M (AvailPageFile size 1100M)
current process WorkingSet (physical memory assigned to process): 362M, peak: 414M
current process commit charge ("private bytes"): 527M, peak: 539M

vm_info: OpenJDK 64-Bit Server VM (15.0.2+7) for windows-amd64 JRE (15.0.2+7), built on Jan 20 2021 22:17:45 by "Administrator" with MS VC++ 15.9 (VS2017)

END.
